Unity Player [version: Unity 5.6.6f2_6bac21139588]

Dragonboy_vn_v202.exe caused an Access Violation (0xc0000005)
  in module Dragonboy_vn_v202.exe at 0023:00c29c6b.

Error occurred at 2022-04-27_121632.
C:\Users\VANTHANH\Desktop\New folder (2)\Game\Game\Dragonboy_vn_v202.exe, run by VANTHANH.
94% memory in use.
0 MB physical memory [350 MB free].
0 MB paging file [2241 MB free].
0 MB user address space [3550 MB free].
Read from location fff9a852 caused an access violation.

Context:
EDI:    0x04a2db40  ESI: 0x044250b0  EAX:   0x0e59aed0
EBX:    0x06d71fe4  ECX: 0xfffe6a10  EDX:   0x00000000
EIP:    0x00c29c6b  EBP: 0x0c07e8c8  SegCs: 0x00000023
EFlags: 0x00010297  ESP: 0x0c07e8a8  SegSs: 0x0000002b

Bytes at CS:EIP:
f6 44 8a 12 01 8d 0c 8a 75 3b 80 79 11 01 75 18 

Stack:
0x0c07e8a8: 04a2db40 044250b0 00000002 0e59aed0 @....PB.......Y.
0x0c07e8b8: 06d71fd4 04a2db40 00000001 04a2fda4 ....@...........
0x0c07e8c8: 0c07e90c 00c2b40a 0c07e8e8 044250c0 .............PB.
0x0c07e8d8: 06d71fe0 04a2fda8 0c07effc 04a2fdb8 ................
0x0c07e8e8: 00000000 04a2db40 00000002 0c07e90c ....@...........
0x0c07e8f8: 00c2b6f7 04408ec0 06d71fd4 04a2fdb8 ......@.........
0x0c07e908: 00000002 0c07e938 00c2acc6 044250b0 ....8........PB.
0x0c07e918: 06d71fe0 04a2fdb8 00000018 043d2990 .............)=.
0x0c07e928: 066cacc0 04a2db40 00000018 04a2fdb8 ..l.@...........
0x0c07e938: 0c07f814 00c6cb41 00000004 0c07eff4 ....A...........
0x0c07e948: ffffffd0 0000001f 043d2990 03dbb301 .........)=.....
0x0c07e958: 00000000 00000000 00000000 00000000 ................
0x0c07e968: 00000000 00000000 00000000 00000000 ................
0x0c07e978: 00000000 00000000 00000000 00000000 ................
0x0c07e988: 00000000 00000000 00000000 00000000 ................
0x0c07e998: 00000000 00000000 00000000 00000000 ................
0x0c07e9a8: 00000000 00000000 00000000 00000000 ................
0x0c07e9b8: 00000000 00000000 00000000 00000000 ................
0x0c07e9c8: 00000000 00000000 00000000 00000000 ................
0x0c07e9d8: 00000000 00000000 00000000 00000000 ................
0x0c07e9e8: 00000000 00000000 00000000 00000000 ................
0x0c07e9f8: 00000000 00000000 00000000 00000000 ................
0x0c07ea08: 00000000 00000000 00000000 00000000 ................
0x0c07ea18: 00000000 00000000 00000000 00000000 ................
0x0c07ea28: 00000000 00000000 00000000 00000000 ................
0x0c07ea38: 00000000 00000000 00000000 00000000 ................
0x0c07ea48: 00000000 00000000 00000000 00000000 ................
0x0c07ea58: 00000000 00000000 00000000 00000000 ................
0x0c07ea68: 00000000 00000000 00000000 00000000 ................
0x0c07ea78: 00000000 00000000 00000000 00000000 ................
0x0c07ea88: 00000000 00000000 00000000 00000000 ................
0x0c07ea98: 00000000 00000000 00000000 00000000 ................
0x0c07eaa8: 00000000 00000000 00000000 00000000 ................
0x0c07eab8: 00000000 00000000 00000000 00000000 ................
0x0c07eac8: 00000000 00000000 00000000 00000000 ................
0x0c07ead8: 00000000 00000000 00000000 00000000 ................
0x0c07eae8: 00000000 00000000 00000000 00000000 ................
0x0c07eaf8: 00000000 00000000 00000000 00000000 ................
0x0c07eb08: 00000000 00000000 00000000 00000000 ................
0x0c07eb18: 00000000 00000000 00000000 00000000 ................
0x0c07eb28: 00000000 00000000 00000000 00000000 ................
0x0c07eb38: 00000000 00000000 00000000 00000000 ................
0x0c07eb48: 00000000 00000000 00000000 00000000 ................
0x0c07eb58: 00000000 00000000 00000000 00000000 ................
0x0c07eb68: 00000000 00000000 00000000 00000000 ................
0x0c07eb78: 00000000 00000000 00000000 00000000 ................
0x0c07eb88: 00000000 00000000 00000000 00000000 ................
0x0c07eb98: 00000000 00000000 00000000 00000000 ................
0x0c07eba8: 00000000 00000000 00000000 00000000 ................
0x0c07ebb8: 00000000 00000000 00000000 00000000 ................
0x0c07ebc8: 00000000 00000000 00000000 00000000 ................
0x0c07ebd8: 00000000 00000000 00000000 00000000 ................
0x0c07ebe8: 00000000 00000000 00000000 00000000 ................
0x0c07ebf8: 00000000 00000000 00000000 00000000 ................
0x0c07ec08: 00000000 00000000 00000000 00000000 ................
0x0c07ec18: 00000000 00000000 00000000 00000000 ................
0x0c07ec28: 00000000 00000000 00000000 00000000 ................
0x0c07ec38: 00000000 00000000 00000000 00000000 ................
0x0c07ec48: 00000000 00000000 00000000 00000000 ................
0x0c07ec58: 00000000 00000000 00000000 00000000 ................
0x0c07ec68: 00000000 00000000 00000000 00000000 ................
0x0c07ec78: 00000000 00000000 00000000 00000000 ................
0x0c07ec88: 00000000 00000000 00000000 00000000 ................
0x0c07ec98: 00000000 00000000 00000000 00000000 ................
0x0c07eca8: 00000000 00000000 00000000 00000000 ................
0x0c07ecb8: 00000000 00000000 00000000 00000000 ................
0x0c07ecc8: 00000000 00000000 00000000 00000000 ................
0x0c07ecd8: 00000000 00000000 00000000 00000000 ................
0x0c07ece8: 00000000 00000000 00000000 00000000 ................
0x0c07ecf8: 00000000 00000000 00000000 00000000 ................
0x0c07ed08: 00000000 00000000 00000000 00000000 ................
0x0c07ed18: 00000000 00000000 00000000 0c07ed4c ............L...
0x0c07ed28: 774681d0 0c07eda4 008a0bac 008a0bc4 ..Fw............
0x0c07ed38: 008a0bac 008a0b80 00000000 0c07ed6c ............l...
0x0c07ed48: 0c07ee68 0c07f828 77459254 00890000 h...(...T.Ew....
0x0c07ed58: 00000002 00000009 00000000 00000002 ................
0x0c07ed68: 0c07ee58 00000000 773fc2f0 773f0000 X.........?w..?w
0x0c07ed78: 001a3000 00000047 0c07eeb8 00000004 .0..G...........
0x0c07ed88: 000888e0 00000000 7743a701 0c07eea4 ..........Cw....
0x0c07ed98: 774788c2 0c07ee68 0c07f1f4 0c07eeb8 ..Gwh...........
0x0c07eda8: 0c07ee14 0c07f1f4 77478910 0c07f1f4 ..........Gw....
0x0c07edb8: 0c07f190 77478894 0c07ee68 0c07f1f4 ......Gwh.......
0x0c07edc8: 0c07eeb8 0c07ee14 774788e0 0c07ee68 ..........Gwh...
0x0c07edd8: 0c07f828 0c07f1f4 77458f57 0c07ee68 (.......W.Ewh...
0x0c07ede8: 77462dec 77458f90 0c07eeb8 00000000 .-Fw..Ew........
0x0c07edf8: 01971bc8 00000000 0c07f828 0c080000 ........(.......
0x0c07ee08: 0c07e000 0c080000 0c07e000 00000003 ................
0x0c07ee18: 00000000 00000002 00000003 00000002 ................
0x0c07ee28: 00000000 0c07eeec 77439e65 00000003 ........e.Cw....
0x0c07ee38: 00000000 00000002 0c07eea4 0c07ee58 ............X...
0x0c07ee48: 0c07f0a0 00000000 77439ec3 00000000 ..........Cw....
0x0c07ee58: 00000040 00000000 00000000 00000000 @...............
0x0c07ee68: c0000027 00000002 00000000 01215748 '...........HW!.
0x0c07ee78: 00000000 00000000 00000000 00000000 ................
0x0c07ee88: 00000000 00000000 00000000 00000000 ................
0x0c07ee98: 0c07ef40 00000000 101c0f32 001a0018 @.......2.......
0x0c07eea8: 101c0f1c 00000000 00000000 0c07ef44 ............D...
0x0c07eeb8: 00010007 00000000 00000000 00000000 ................
0x0c07eec8: 00020000 0c07eee0 0c07eee0 0c07eee0 ................
0x0c07eed8: 00000002 00000002 00000000 df7324d4 .............$s.
0x0c07eee8: 0c07f05c 0c07f0a0 77439bd1 0c07ef84 \.........Cw....
0x0c07eef8: 00000000 0000002c 0c07f168 00000000 ....,...h.......
0x0c07ef08: 77439c43 00000000 001a0018 101c0f1c C.Cw............
0x0c07ef18: 00000000 00000000 00000000 00000000 ................
0x0c07ef28: 00000000 00000000 00000000 00000000 ................
0x0c07ef38: 00000000 00000000 00000010 0000002b ............+...
0x0c07ef48: 00800053 0c07002b 0000002b 00000000 S...+...+.......
0x0c07ef58: 03dff6a0 00000018 00000000 00000000 ................
0x0c07ef68: 00000000 0c07f1b8 01215748 0c070023 ........HW!.#...
0x0c07ef78: 03d93670 00000000 00000000 00000000 p6..............
0x0c07ef88: 00000000 00000000 00000000 00000000 ................
0x0c07ef98: 03d8ed50 00000001 00000000 ffffffff P...............
0x0c07efa8: 00000000 00000000 00000000 00000000 ................
0x0c07efb8: 00000000 00000000 00000000 00000000 ................
0x0c07efc8: 06d71ee4 06d71fe0 00000000 00000000 ................
0x0c07efd8: 00000000 00000000 03e31950 03e318d0 ........P.......
0x0c07efe8: 00000000 00000000 00000000 00000000 ................
0x0c07eff8: 04408ec0 044250b0 00000000 00000000 ..@..PB.........
0x0c07f008: 00000000 00000000 00000000 00000000 ................
0x0c07f018: 00000000 0000000d 0000000d 066cbac0 ..............l.
0x0c07f028: 042ad060 042ad0e0 0000006f 0003fd25 `.*...*.o...%...
0x0c07f038: 00000000 00000000 00000000 00002733 ............3'..
0x0c07f048: 00000001 00000018 00000004 00000006 ................
0x0c07f058: 00000000 084bc000 09705000 00000000 ......K..Pp.....
0x0c07f068: 0003fd26 7746ad20 00000000 536cd652 &... .Fw....R.lS
0x0c07f078: 0c07f188 7743b2ea 00000000 0c07f0b4 ......Cw........
0x0c07f088: 0c07f3c8 0c07f3c0 00003930 00597210 ........09...rY.
0x0c07f098: 0059721c 00000001 00597a88 00000000 .rY......zY.....
0x0c07f0a8: 001a2b68 00597fa0 00597d3c 7746ad20 h+....Y.<}Y. .Fw
0x0c07f0b8: a43b0930 fffffffe 0016de0c 00000000 0.;.............
0x0c07f0c8: 0019127c 005a82dc 000000f4 0016e154 |.....Z.....T...
0x0c07f0d8: 0c07f308 0016e144 005a8344 0c07f1cc ....D...D.Z.....
0x0c07f0e8: 0c07f154 00980000 0016dd88 005a82ac T.............Z.
0x0c07f0f8: 00597e6c 00000ad0 7743626f 0c07f828 l~Y.....obCw(...
0x0c07f108: 00004d18 a43b0b50 000000f0 0c07f140 .M..P.;.....@...
0x0c07f118: 00594e44 00000001 00597c18 00000000 DNY......|Y.....
0x0c07f128: 00000000 0c07f1cc 00980000 00980128 ............(...
0x0c07f138: 00980000 005e5000 01971bc8 0059743c .....P^.....<tY.
0x0c07f148: 001c0560 00980000 001c0570 01971000 `.......p.......
0x0c07f158: 001c0558 0121ed50 00035914 0016e138 X...P.!..Y..8...
0x0c07f168: 00035918 01971bc8 0003590c 0c07f828 .Y.......Y..(...
0x0c07f178: 0016e184 00980000 0016e198 0c07f234 ............4...
0x0c07f188: 0016e17c 001928f0 005a82ec 00617db0 |....(....Z..}a.
0x0c07f198: 005a82f0 01215750 005a82e4 0c07f828 ..Z.PW!...Z.(...
0x0c07f1a8: 00f6535f 00000001 0c07f838 00000000 _S......8.......
0x0c07f1b8: 0c07f828 0120be00 0120be16 0c07f1dc (..... ... .....
0x0c07f1c8: 00000000 00000000 001cbd84 0c07f2e0 ................
0x0c07f1d8: 001cbd88 001911e8 001cbd7c 0016dd7c ........|...|...
0x0c07f1e8: 001cbd78 0016ddfc 0059723c 0c07f828 x.......<rY.(...
0x0c07f1f8: 00597240 0c07f828 00597238 77478894 @rY.(...8rY...Gw
0x0c07f208: 00597234 00191210 0c07f330 00597a78 4rY.....0...xzY.
0x0c07f218: 0120bd58 0000591c 0c07f2e0 00005ce4 X. ..Y.......\..
0x0c07f228: 774590ff 000000e8 0c07f828 00000100 ..Ew....(.......
0x0c07f238: 0c07f26c 00597c64 00f65d90 00597d80 l...d|Y..]...}Y.
0x0c07f248: 0c07f2e0 00597c10 0c07f330 0c07f828 .....|Y.0...(...
0x0c07f258: 0000000d 0c07e000 0c080000 00000000 ................
0x0c07f268: 00000000 00597d38 77436e2c 00000400 ....8}Y.,nCw....
0x0c07f278: 00000408 00000000 0c07f2d0 00000400 ................
0x0c07f288: 01fa0000 00597ea0 0000006c 025d00c0 .....~Y.l.....].
0x0c07f298: 0000000d 001c0544 0000000a 00000001 ....D...........
0x0c07f2a8: 010d01ff 00000044 053b4ba0 00000408 ....D....K;.....
0x0c07f2b8: 00000044 053b4ba0 053b4ba8 df733874 D....K;..K;.t8s.
0x0c07f2c8: 005971c8 00597dc4 005971cc 005979e4 .qY..}Y..qY..yY.
0x0c07f2d8: 00597158 0016e140 0059715c 00000000 XqY.@...\qY.....
0x0c07f2e8: 00597010 001ae01c 00597010 0016e14c .pY......pY.L...
0x0c07f2f8: 00596ff0 001ae024 00597010 00597a8c .oY.$....pY..zY.
0x0c07f308: 00597dcc 00000000 00597dec 00000013 .}Y......}Y.....
0x0c07f318: 0c07f7e0 0120cb5c 00040013 000008f0 ....\. .........
0x0c07f328: 00040000 000009a0 00594ddc 00000854 .........MY.T...
0x0c07f338: 00594dfc 00000000 00594dd4 00000000 .MY......MY.....
0x0c07f348: 00594dc0 0000027f 00000002 0000ffff .MY.............
0x0c07f358: 00000000 00000000 00000000 00000000 ................
0x0c07f368: 00000000 00000000 001b4f58 00000000 ........XO......
0x0c07f378: 001b4f5c 00000000 00035900 00000000 \O.......Y......
0x0c07f388: 00035904 00000000 000358fc 00000000 .Y.......X......
0x0c07f398: 000358f8 00000000 00000000 00000000 .X..............
0x0c07f3a8: 00000000 00000000 ec75a800 3bf5c101 ..........u....;
0x0c07f3b8: 00000000 0000002b 00000053 0000002b ....+...S...+...
0x0c07f3c8: 0000002b 00191208 03dbb3f0 03dbb3f0 +...............
0x0c07f3d8: 00000000 0016dd84 0c07f790 0c07f7ec ................
0x0c07f3e8: 7651b922 0016de08 00000216 0016dd98 ".Qv............
0x0c07f3f8: 0000002b 0002027f 00000000 0016de18 +...............
0x0c07f408: 00000000 00000000 00000000 00001f80 ................
0x0c07f418: 0002ffff 001a2b4c 00000000 0019120c ....L+..........
0x0c07f428: 00000000 00000000 00000000 00597a74 ............tzY.
0x0c07f438: 00000000 00191278 00000000 00005918 ....x........Y..
0x0c07f448: 00000000 00004d14 00000000 00005ce0 .....M.......\..
0x0c07f458: 00000000 0000392c 00000000 000000e4 ....,9..........
0x0c07f468: 00000000 000000ec 00000000 000000fc ................
0x0c07f478: 00000000 00000104 00000000 000000f8 ................
0x0c07f488: 00000000 00597c68 c101ec75 00594e84 ....h|Y.u....NY.
0x0c07f498: 00000000 00597dc0 00000000 00597d7c .....}Y.....|}Y.
0x0c07f4a8: 00000000 00597c14 00000000 00597c58 .....|Y.....X|Y.
0x0c07f4b8: 00000000 00000000 00000000 00000000 ................
0x0c07f4c8: 00000000 00000000 00000000 00000000 ................
0x0c07f4d8: 00000000 00597a84 00000000 00597d28 .....zY.....(}Y.
0x0c07f4e8: 00000000 00000000 00000000 00000000 ................
0x0c07f4f8: 00000000 00000000 00000000 005a8368 ............h.Z.
0x0c07f508: 00000000 00000000 00000000 00000000 ................
0x0c07f518: 00000000 025b0000 06384028 00597e70 ......[.(@8.p~Y.
0x0c07f528: 025b5090 00597f9c 06384028 0059a6e0 .P[...Y.(@8...Y.
0x0c07f538: 0000077f 0c07f6f4 7743002b 00597440 ........+.Cw@tY.
0x0c07f548: 0638002b 001c0550 00f65d90 03dbb3f0 +.8.P....]......
0x0c07f558: 03dbb3f0 00000000 00000004 0c07f790 ................
0x0c07f568: 0c07f7ec 7651b922 01c70023 00000216 ....".Qv#.......
0x0c07f578: 0c07f790 ac00002b 7746ad20 a43b09b0 ....+... .Fw..;.
0x0c07f588: fffffffe 774645bc 774563f6 df733fdc .....EFw.cEw.?s.
0x0c07f598: 00000000 fb0003f8 03dbb3f0 00000000 ................
0x0c07f5a8: 00000000 00597dc8 00000000 005a82e0 .....}Y.......Z.
0x0c07f5b8: 00000000 005979e8 00000000 0016e13c .....yY.....<...
0x0c07f5c8: 00000000 0016e150 000005f4 0016e158 ....P.......X...
0x0c07f5d8: 025b00c0 77462dec 77456319 00007c0c ..[..-Fw.cEw.|..
0x0c07f5e8: 00000001 001ae020 00000000 0016e148 .... .......H...
0x0c07f5f8: 0c07f604 fffffd34 00000450 fffffd34 ....4...P...4...
0x0c07f608: 000002cc 001ae028 00000140 00000000 ....(...@.......
0x0c07f618: 06350000 00597ad8 000007ff 00000000 ..5..zY.........
0x0c07f628: 0000ffff 025b00c0 00000000 00000000 ......[.........
0x0c07f638: 00000000 00000000 00000000 00000000 ................
0x0c07f648: 00000004 005a8284 00000000 000008d0 ......Z.........
0x0c07f658: 00000000 001928cc 00000000 00000980 .....(..........
0x0c07f668: 00000000 00000ab0 00000000 00000830 ............0...
0x0c07f678: 00000000 00617dac 00000000 00000000 .....}a.........
0x0c07f688: 00000000 00000000 00000000 00000000 ................
0x0c07f698: 00000000 00000000 00000000 00000000 ................
0x0c07f6a8: 00000000 0016e154 00000000 0016e148 ....T.......H...
0x0c07f6b8: 00000000 00000000 00000000 001c0560 ............`...
0x0c07f6c8: 00000000 00035914 00000000 0016e184 .....Y..........
0x0c07f6d8: 00000000 005a82ec 00000100 00000000 ......Z.........
0x0c07f6e8: 00000000 001cbd84 00000000 001cbd7c ............|...
0x0c07f6f8: 00000000 0059723c 00000000 00597238 ....<rY.....8rY.
0x0c07f708: 00000000 00000000 00000000 00000000 ................
0x0c07f718: 00597c18 00594ddc 00597fa0 00594dd4 .|Y..MY...Y..MY.
0x0c07f728: 00000000 00035900 00000000 000358fc .....Y.......X..
0x0c07f738: 00000000 00000000 00000000 00000000 ................
0x0c07f748: 00000000 00000000 00000000 00000000 ................
0x0c07f758: 00000000 00000000 00000000 00000000 ................
0x0c07f768: 00000000 00000000 00000000 00000000 ................
0x0c07f778: 00000000 00000000 00597c14 0c07f7ec .........|Y.....
0x0c07f788: 7651b922 0c07f790 406d1388 00000000 ".Qv......m@....
0x0c07f798: 00000000 7651b922 00000004 00001000 ....".Qv........
0x0c07f7a8: 017f36d4 00001640 00000000 00000000 .6..@...........
0x0c07f7b8: 0016e13c 00000000 0000000f 00000013 <...............
0x0c07f7c8: 0c07f7e0 0120cb5c 00040013 00000746 ....\. .....F...
0x0c07f7d8: 00000002 00004fdc 00000040 0000003c .....O..@...<...
0x0c07f7e8: 00000005 00000007 00000003 00000000 ................
0x0c07f7f8: 00000000 03e108b0 03d8ee01 00000009 ................
0x0c07f808: 01800ad4 043d2990 00597e70 0c07f834 .....)=.p~Y.4...
0x0c07f818: 00c727be 066cacc0 00f65d90 043d2990 .'....l..]...)=.
0x0c07f828: 03dbb3f0 00c5ce07 03dbb3f0 0c07f850 ............P...
0x0c07f838: 00f65dc6 043d2990 00001640 017f36d4 .]...)=.@....6..
0x0c07f848: 00f65d90 00f65d90 0c07f860 7631fa29 .]...]..`...).1v
0x0c07f858: 03dbb3f0 7631fa10 0c07f8bc 77457a7e ......1v....~zEw
0x0c07f868: 03dbb3f0 df733284 00000000 00000000 .....2s.........
0x0c07f878: 03dbb3f0 c0000005 00000000 765ae390 ..............Zv
0x0c07f888: 13a0e4be 92f84e83 00000000 00000000 .....N..........
0x0c07f898: 0c07e2bc 65fa072e 00000000 0c07f86c .......e....l...
0x0c07f8a8: 0c07e2bc 0c07f8c4 7746ad20 a43b0318 ........ .Fw..;.
0x0c07f8b8: 00000000 0c07f8cc 77457a4e ffffffff ........NzEw....
0x0c07f8c8: 77478a1f 00000000 00000000 00f65d90 ..Gw.........]..
0x0c07f8d8: 03dbb3f0 00000000 00000000 00000000 ................
0x0c07f8e8: 00000000 00000000 00000000 00000000 ................
0x0c07f8f8: 00000000 00000000 00000000 00000000 ................
0x0c07f908: 00000000 00000000 00000000 00000000 ................
0x0c07f918: 00000000 00000000 00000000 00000000 ................
0x0c07f928: 00000000 00000000 00000000 00000000 ................
0x0c07f938: 00000000 00000000 00000000 00000000 ................
0x0c07f948: 00000000 00000000 00000000 00000000 ................
0x0c07f958: 00000000 00000000 00000000 00000000 ................
0x0c07f968: 00000000 00000000 00000000 00000000 ................
0x0c07f978: 00000000 00000000 00000000 00000000 ................
0x0c07f988: 00000000 00000000 00000000 00000000 ................
0x0c07f998: 00000000 00000000 00000000 00000000 ................
0x0c07f9a8: 00000000 00000000 00000000 00000000 ................
0x0c07f9b8: 00000000 00000000 00000000 00000000 ................
0x0c07f9c8: 00000000 00000000 00000000 00000000 ................
0x0c07f9d8: 00000000 00000000 00000000 00000000 ................
0x0c07f9e8: 00000000 00000000 00000000 00000000 ................
0x0c07f9f8: 00000000 00000000 00000000 00000000 ................
0x0c07fa08: 00000000 00000000 00000000 00000000 ................
0x0c07fa18: 00000000 00000000 00000000 00000000 ................
0x0c07fa28: 00000000 00000000 00000000 00000000 ................
0x0c07fa38: 00000000 00000000 00000000 00000000 ................
0x0c07fa48: 00000000 00000000 00000000 00000000 ................
0x0c07fa58: 00000000 00000000 00000000 00000000 ................
0x0c07fa68: 00000000 00000000 00000000 00000000 ................
0x0c07fa78: 00000000 00000000 00000000 00000000 ................
0x0c07fa88: 00000000 00000000 00000000 00000000 ................
0x0c07fa98: 00000000 00000000 00000000 00000000 ................
0x0c07faa8: 00000000 00000000 00000000 00000000 ................
0x0c07fab8: 00000000 00000000 00000000 00000000 ................
0x0c07fac8: 00000000 00000000 00000000 00000000 ................
0x0c07fad8: 00000000 00000000 00000000 00000000 ................
0x0c07fae8: 00000000 00000000 00000000 00000000 ................
0x0c07faf8: 00000000 00000000 00000000 00000000 ................
0x0c07fb08: 00000000 00000000 00000000 00000000 ................
0x0c07fb18: 00000000 00000000 00000000 00000000 ................
0x0c07fb28: 00000000 00000000 00000000 00000000 ................
0x0c07fb38: 00000000 00000000 00000000 00000000 ................
0x0c07fb48: 00000000 00000000 00000000 00000000 ................
0x0c07fb58: 00000000 00000000 00000000 00000000 ................
0x0c07fb68: 00000000 00000000 00000000 00000000 ................
0x0c07fb78: 00000000 00000000 00000000 00000000 ................
0x0c07fb88: 00000000 00000000 00000000 00000000 ................
0x0c07fb98: 00000000 00000000 00000000 00000000 ................
0x0c07fba8: 00000000 00000000 00000000 00000000 ................
0x0c07fbb8: 00000000 00000000 00000000 00000000 ................
0x0c07fbc8: 00000000 00000000 00000000 00000000 ................
0x0c07fbd8: 00000000 00000000 00000000 00000000 ................
0x0c07fbe8: 00000000 00000000 00000000 00000000 ................
0x0c07fbf8: 00000000 00000000 00000000 00000000 ................
0x0c07fc08: 00000000 00000000 00000000 00000000 ................
0x0c07fc18: 00000000 00000000 00000000 00000000 ................
0x0c07fc28: 00000000 00000000 00000000 00000000 ................
0x0c07fc38: 00000000 00000000 00000000 00000000 ................
0x0c07fc48: 00000000 00000000 00000000 00000000 ................
0x0c07fc58: 00000000 00000000 00000000 00000000 ................
0x0c07fc68: 00000000 00000000 00000000 00000000 ................
0x0c07fc78: 00000000 00000000 00000000 00000000 ................
0x0c07fc88: 00000000 00000000 00000000 00000000 ................
0x0c07fc98: 00000000 00000000 00000000 00000000 ................
0x0c07fca8: 00000000 00000000 00000000 00000000 ................
0x0c07fcb8: 00000000 00000000 00000000 00000000 ................
0x0c07fcc8: 00000000 00000000 00000000 00000000 ................
0x0c07fcd8: 00000000 00000000 00000000 00000000 ................
0x0c07fce8: 00000000 00000000 00000000 00000000 ................
0x0c07fcf8: 00000000 00000000 00000000 00000000 ................
0x0c07fd08: 00000000 00000000 00000000 00000000 ................
0x0c07fd18: 00000000 00000000 00000000 00000000 ................
0x0c07fd28: 00000000 00000000 00000000 00000000 ................
0x0c07fd38: 00000000 00000000 00000000 00000000 ................
0x0c07fd48: 00000000 00000000 00000000 00000000 ................
0x0c07fd58: 00000000 00000000 00000000 00000000 ................
0x0c07fd68: 00000000 00000000 00000000 00000000 ................
0x0c07fd78: 00000000 00000000 00000000 00000000 ................
0x0c07fd88: 00000000 00000000 00000000 00000000 ................
0x0c07fd98: 00000000 00000000 00000000 00000000 ................
0x0c07fda8: 00000000 00000000 00000000 00000000 ................
0x0c07fdb8: 00000000 00000000 00000000 00000000 ................
0x0c07fdc8: 00000000 00000000 00000000 00000000 ................
0x0c07fdd8: 00000000 00000000 00000000 00000000 ................
0x0c07fde8: 00000000 00000000 00000000 00000000 ................
0x0c07fdf8: 00000000 00000000 00000000 00000000 ................
0x0c07fe08: 00000000 00000000 00000000 00000000 ................
0x0c07fe18: 00000000 00000000 00000000 00000000 ................
0x0c07fe28: 00000000 00000000 00000000 00000000 ................
0x0c07fe38: 00000000 00000000 00000000 00000000 ................
0x0c07fe48: 00000000 00000000 00000000 00000000 ................
0x0c07fe58: 00000000 00000000 00000000 00000000 ................
0x0c07fe68: 00000000 00000000 00000000 00000000 ................
0x0c07fe78: 00000000 00000000 00000000 00000000 ................
0x0c07fe88: 00000000 00000000 00000000 00000000 ................
0x0c07fe98: 00000000 00000000 00000000 00000000 ................
0x0c07fea8: 00000000 00000000 00000000 00000000 ................
0x0c07feb8: 00000000 00000000 00000000 00000000 ................
0x0c07fec8: 00000000 00000000 00000000 00000000 ................
0x0c07fed8: 00000000 00000000 00000000 00000000 ................
0x0c07fee8: 00000000 00000000 00000000 00000000 ................
0x0c07fef8: 00000000 00000000 00000000 00000000 ................
0x0c07ff08: 00000000 00000000 00000000 00000000 ................
0x0c07ff18: 00000000 00000000 00000000 00000000 ................
0x0c07ff28: 00000000 00000000 00000000 00000000 ................
0x0c07ff38: 00000000 00000000 00000000 00000000 ................
0x0c07ff48: 00000000 00000000 00000000 00000000 ................
0x0c07ff58: 00000000 00000000 00000000 00000000 ................
0x0c07ff68: 00000000 00000000 00000000 00000000 ................
0x0c07ff78: 00000000 00000000 00000000 00000000 ................
0x0c07ff88: 00000000 00000000 00000000 00000000 ................
0x0c07ff98: 00000000 00000000 00000000 00000000 ................
0x0c07ffa8: 00000000 00000000 00000000 00000000 ................
0x0c07ffb8: 00000000 00000000 00000000 00000000 ................
0x0c07ffc8: 00000000 00000000 00000000 00000000 ................
0x0c07ffd8: 00000000 00000000 00000000 00000000 ................
0x0c07ffe8: 00000000 00000000 00000000 00000000 ................
0x0c07fff8: 00000000 00000000                   ........

Module 1
C:\Windows\SYSTEM32\xinput1_3.dll
Image Base: 0x00400000  Image Size: 0x00016000
File Size:  81768       File Time:  2007-04-05_095342
Version:
   Company:    Microsoft Corporation
   Product:    Microsoft® DirectX for Windows®
   FileDesc:   Microsoft Common Controller API
   FileVer:    9.18.944.0
   ProdVer:    9.18.944.0

Module 2
C:\Users\VANTHANH\Desktop\New folder (2)\Game\Game\Dragonboy_vn_v202.exe
Image Base: 0x00980000  Image Size: 0x01228000
File Size:  18198528    File Time:  2021-11-16_092942
Version:
   Company:    
   Product:    
   FileDesc:   
   FileVer:    5.6.6.44065
   ProdVer:    5.6.6.44065

Module 3
C:\Users\VANTHANH\Desktop\New folder (2)\Game\Game\Dragonboy_vn_v202_Data\Mono\mono.dll
Image Base: 0x10000000  Image Size: 0x00231000
File Size:  2117056     File Time:  2018-04-26_174908
Version:
   Company:    Unity Technologies
   Product:    libmono
   FileDesc:   Unity Technologies fork of mono runtime
   FileVer:    1.0.0.1
   ProdVer:    1.0.0.1

Module 4
C:\Windows\System32\DriverStore\FileRepository\u0377495.inf_amd64_58cc395c0bf03a26\B377432\atidxx32.dll
Image Base: 0x5e970000  Image Size: 0x01a51000
File Size:  27988048    File Time:  2022-03-16_084224
Version:
   Company:    Advanced Micro Devices, Inc. 
   Product:    Advanced Micro Devices, Inc. Radeon DirectX 11 Driver
   FileDesc:   atidxx32.dll
   FileVer:    30.0.15002.1004
   ProdVer:    8.17.10.1056

Module 5
C:\Windows\System32\DriverStore\FileRepository\u0377495.inf_amd64_58cc395c0bf03a26\B377432\atiuxpag.dll
Image Base: 0x603d0000  Image Size: 0x0002e000
File Size:  204424      File Time:  2022-03-16_084248
Version:
   Company:    Advanced Micro Devices, Inc. 
   Product:    Advanced Micro Devices, Inc PowerXpress Vista DX10 User Mode Driver
   FileDesc:   atiuxpag.dll
   FileVer:    30.0.15002.1004
   ProdVer:    8.14.1.6564

Module 6
C:\Windows\SYSTEM32\resourcepolicyclient.dll
Image Base: 0x61820000  Image Size: 0x0000f000
File Size:  52664       File Time:  2021-07-30_080928
Version:
   Company:    Microsoft Corporation
   Product:    Microsoft® Windows® Operating System
   FileDesc:   Resource Policy Client
   FileVer:    10.0.19041.546
   ProdVer:    10.0.19041.546

Module 7
C:\Windows\SYSTEM32\midimap.dll
Image Base: 0x61830000  Image Size: 0x00008000
File Size:  18944       File Time:  2021-07-30_080900
Version:
   Company:    Microsoft Corporation
   Product:    Microsoft® Windows® Operating System
   FileDesc:   Microsoft MIDI Mapper
   FileVer:    10.0.19041.488
   ProdVer:    10.0.19041.488

Module 8
C:\Windows\SYSTEM32\MSACM32.dll
Image Base: 0x61840000  Image Size: 0x00019000
File Size:  93472       File Time:  2019-12-07_160912
Version:
   Company:    Microsoft Corporation
   Product:    Microsoft® Windows® Operating System
   FileDesc:   Microsoft ACM Audio Filter
   FileVer:    10.0.19041.1
   ProdVer:    10.0.19041.1

Module 9
C:\Windows\SYSTEM32\msacm32.drv
Image Base: 0x61860000  Image Size: 0x0000a000
File Size:  23552       File Time:  2021-07-30_080900
Version:
   Company:    Microsoft Corporation
   Product:    Microsoft® Windows® Operating System
   FileDesc:   Microsoft Sound Mapper
   FileVer:    10.0.19041.488
   ProdVer:    10.0.19041.488

Module 10
C:\Windows\SYSTEM32\AUDIOSES.DLL
Image Base: 0x61870000  Image Size: 0x00136000
File Size:  1259808     File Time:  2022-03-28_160556
Version:
   Company:    Microsoft Corporation
   Product:    Microsoft® Windows® Operating System
   FileDesc:   Audio Session
   FileVer:    10.0.19041.1566
   ProdVer:    10.0.19041.1566

Module 11
C:\Windows\SYSTEM32\AVRT.dll
Image Base: 0x619b0000  Image Size: 0x00008000
File Size:  27336       File Time:  2021-07-30_080900
Version:
   Company:    Microsoft Corporation
   Product:    Microsoft® Windows® Operating System
   FileDesc:   Multimedia Realtime Runtime
   FileVer:    10.0.19041.546
   ProdVer:    10.0.19041.546

Module 12
C:\Windows\SYSTEM32\ksuser.dll
Image Base: 0x619c0000  Image Size: 0x00007000
File Size:  20328       File Time:  2019-12-07_160912
Version:
   Company:    Microsoft Corporation
   Product:    Microsoft® Windows® Operating System
   FileDesc:   User CSA Library
   FileVer:    10.0.19041.1
   ProdVer:    10.0.19041.1

Module 13
C:\Windows\SYSTEM32\wdmaud.drv
Image Base: 0x619d0000  Image Size: 0x0003a000
File Size:  215040      File Time:  2019-12-07_160912
Version:
   Company:    Microsoft Corporation
   Product:    Microsoft® Windows® Operating System
   FileDesc:   Winmm  audio system driver
   FileVer:    10.0.19041.1
   ProdVer:    10.0.19041.1

Module 14
C:\Windows\SYSTEM32\winmmbase.dll
Image Base: 0x61a10000  Image Size: 0x0001d000
File Size:  110720      File Time:  2019-12-07_160912
Version:
   Company:    Microsoft Corporation
   Product:    Microsoft® Windows® Operating System
   FileDesc:   Base Multimedia Extension API DLL
   FileVer:    10.0.19041.1
   ProdVer:    10.0.19041.1

Module 15
C:\Windows\System32\MMDevApi.dll
Image Base: 0x61a30000  Image Size: 0x0006b000
File Size:  421488      File Time:  2022-02-20_152924
Version:
   Company:    Microsoft Corporation
   Product:    Microsoft® Windows® Operating System
   FileDesc:   MMDevice API
   FileVer:    10.0.19041.1503
   ProdVer:    10.0.19041.1503

Module 16
C:\Windows\System32\DriverStore\FileRepository\nvhmig.inf_amd64_715167e770b0a27c\nvwgf2um.dll
Image Base: 0x61aa0000  Image Size: 0x021e2000
File Size:  35480360    File Time:  2022-03-18_100320
Version:
   Company:    NVIDIA Corporation
   Product:    NVIDIA D3D10 drivers
   FileDesc:   NVIDIA D3D10 Driver, Version 512.15 
   FileVer:    30.0.15.1215
   ProdVer:    30.0.15.1215

Module 17
C:\Windows\SYSTEM32\GLU32.dll
Image Base: 0x63c90000  Image Size: 0x0003f000
File Size:  245248      File Time:  2022-03-28_160614
Version:
   Company:    Microsoft Corporation
   Product:    Microsoft® Windows® Operating System
   FileDesc:   OpenGL Utility Library DLL
   FileVer:    10.0.19041.1566
   ProdVer:    10.0.19041.1566

Module 18
C:\Windows\SYSTEM32\OPENGL32.dll
Image Base: 0x63cd0000  Image Size: 0x00104000
File Size:  923648      File Time:  2022-03-28_160614
Version:
   Company:    Microsoft Corporation
   Product:    Microsoft® Windows® Operating System
   FileDesc:   OpenGL Client DLL
   FileVer:    10.0.19041.1566
   ProdVer:    10.0.19041.1566

Module 19
C:\Windows\SYSTEM32\HID.DLL
Image Base: 0x63de0000  Image Size: 0x0000a000
File Size:  25600       File Time:  2021-07-30_081026
Version:
   Company:    Microsoft Corporation
   Product:    Microsoft® Windows® Operating System
   FileDesc:   Hid User Library
   FileVer:    10.0.19041.546
   ProdVer:    10.0.19041.546

Module 20
C:\Windows\SYSTEM32\amsi.dll
Image Base: 0x64e90000  Image Size: 0x00012000
File Size:  60416       File Time:  2021-07-30_080904
Version:
   Company:    Microsoft Corporation
   Product:    Microsoft® Windows® Operating System
   FileDesc:   Anti-Malware Scan Interface
   FileVer:    10.0.19041.746
   ProdVer:    10.0.19041.746

Module 21
C:\Windows\system32\wbem\fastprox.dll
Image Base: 0x64eb0000  Image Size: 0x000c9000
File Size:  804352      File Time:  2021-07-30_080916
Version:
   Company:    Microsoft Corporation
   Product:    Microsoft® Windows® Operating System
   FileDesc:   WMI Custom Marshaller
   FileVer:    10.0.19041.546
   ProdVer:    10.0.19041.546

Module 22
C:\Windows\system32\wbem\wbemsvc.dll
Image Base: 0x64f80000  Image Size: 0x00010000
File Size:  48640       File Time:  2021-12-15_073910
Version:
   Company:    Microsoft Corporation
   Product:    Microsoft® Windows® Operating System
   FileDesc:   WMI
   FileVer:    10.0.19041.1320
   ProdVer:    10.0.19041.1320

Module 23
C:\Windows\system32\wbem\wbemprox.dll
Image Base: 0x652f0000  Image Size: 0x0000d000
File Size:  36864       File Time:  2021-12-15_073910
Version:
   Company:    Microsoft Corporation
   Product:    Microsoft® Windows® Operating System
   FileDesc:   WMI
   FileVer:    10.0.19041.1320
   ProdVer:    10.0.19041.1320

Module 24
C:\Windows\SYSTEM32\wbemcomn.dll
Image Base: 0x65350000  Image Size: 0x00070000
File Size:  434688      File Time:  2022-03-28_160558
Version:
   Company:    Microsoft Corporation
   Product:    Microsoft® Windows® Operating System
   FileDesc:   WMI
   FileVer:    10.0.19041.1566
   ProdVer:    10.0.19041.1566

Module 25
C:\Windows\SYSTEM32\dhcpcsvc.DLL
Image Base: 0x66ad0000  Image Size: 0x00016000
File Size:  73728       File Time:  2021-07-30_081010
Version:
   Company:    Microsoft Corporation
   Product:    Microsoft® Windows® Operating System
   FileDesc:   DHCP Client Service
   FileVer:    10.0.19041.546
   ProdVer:    10.0.19041.546

Module 26
C:\Windows\SYSTEM32\dhcpcsvc6.DLL
Image Base: 0x66af0000  Image Size: 0x00014000
File Size:  61440       File Time:  2021-07-30_081010
Version:
   Company:    Microsoft Corporation
   Product:    Microsoft® Windows® Operating System
   FileDesc:   DHCPv6 Client
   FileVer:    10.0.19041.546
   ProdVer:    10.0.19041.546

Module 27
C:\Windows\SYSTEM32\WINHTTP.dll
Image Base: 0x66b10000  Image Size: 0x000c9000
File Size:  822728      File Time:  2022-03-28_160602
Version:
   Company:    Microsoft Corporation
   Product:    Microsoft® Windows® Operating System
   FileDesc:   Windows HTTP Services
   FileVer:    10.0.19041.1566
   ProdVer:    10.0.19041.1566

Module 28
C:\Windows\System32\fwpuclnt.dll
Image Base: 0x66e50000  Image Size: 0x00058000
File Size:  341504      File Time:  2022-02-20_152928
Version:
   Company:    Microsoft Corporation
   Product:    Microsoft® Windows® Operating System
   FileDesc:   FWP/IPsec User-Mode API
   FileVer:    10.0.19041.1526
   ProdVer:    10.0.19041.1526

Module 29
C:\Windows\System32\rasadhlp.dll
Image Base: 0x66eb0000  Image Size: 0x00008000
File Size:  12800       File Time:  2021-07-30_081046
Version:
   Company:    Microsoft Corporation
   Product:    Microsoft® Windows® Operating System
   FileDesc:   Remote Access AutoDial Helper
   FileVer:    10.0.19041.546
   ProdVer:    10.0.19041.546

Module 30
C:\Windows\SYSTEM32\DNSAPI.dll
Image Base: 0x66ec0000  Image Size: 0x00090000
File Size:  581568      File Time:  2022-03-28_160602
Version:
   Company:    Microsoft Corporation
   Product:    Microsoft® Windows® Operating System
   FileDesc:   DNS Client API DLL
   FileVer:    10.0.19041.1566
   ProdVer:    10.0.19041.1566

Module 31
C:\Windows\SYSTEM32\wintypes.dll
Image Base: 0x69a30000  Image Size: 0x000db000
File Size:  896088      File Time:  2021-12-15_073916
Version:
   Company:    Microsoft Corporation
   Product:    Microsoft® Windows® Operating System
   FileDesc:   Windows Base Types DLL
   FileVer:    10.0.19041.1348
   ProdVer:    10.0.19041.1348

Module 32
C:\Windows\SYSTEM32\CoreUIComponents.dll
Image Base: 0x69b10000  Image Size: 0x0027e000
File Size:  2621720     File Time:  2021-07-30_080928
Version:
   Company:    Microsoft Corporation
   Product:    Microsoft® Windows® Operating System
   FileDesc:   Microsoft Core UI Components Dll
   FileVer:    10.0.19041.546
   ProdVer:    10.0.19041.546

Module 33
C:\Windows\SYSTEM32\CoreMessaging.dll
Image Base: 0x69d90000  Image Size: 0x0009b000
File Size:  630592      File Time:  2021-07-30_081010
Version:
   Company:    Microsoft Corporation
   Product:    Microsoft® Windows® Operating System
   FileDesc:   Microsoft CoreMessaging Dll
   FileVer:    10.0.19041.867
   ProdVer:    10.0.19041.867

Module 34
C:\Windows\SYSTEM32\textinputframework.dll
Image Base: 0x6b700000  Image Size: 0x000b9000
File Size:  753072      File Time:  2022-02-20_152928
Version:
   Company:    Microsoft Corporation
   Product:    Microsoft® Windows® Operating System
   FileDesc:   "TextInputFramework.DYNLINK"
   FileVer:    10.0.19041.1503
   ProdVer:    10.0.19041.1503

Module 35
C:\Windows\SYSTEM32\dbghelp.dll
Image Base: 0x6b7c0000  Image Size: 0x00188000
File Size:  1494016     File Time:  2021-07-30_081012
Version:
   Company:    Microsoft Corporation
   Product:    Microsoft® Windows® Operating System
   FileDesc:   Windows Image Helper
   FileVer:    10.0.19041.1052
   ProdVer:    10.0.19041.1052

Module 36
C:\Windows\system32\rsaenh.dll
Image Base: 0x6cdd0000  Image Size: 0x0002f000
File Size:  184888      File Time:  2021-07-30_081010
Version:
   Company:    Microsoft Corporation
   Product:    Microsoft® Windows® Operating System
   FileDesc:   Microsoft Enhanced Cryptographic Provider
   FileVer:    10.0.19041.1052
   ProdVer:    10.0.19041.1052

Module 37
C:\Windows\SYSTEM32\CRYPTSP.dll
Image Base: 0x6ce00000  Image Size: 0x00013000
File Size:  68192       File Time:  2021-07-30_081010
Version:
   Company:    Microsoft Corporation
   Product:    Microsoft® Windows® Operating System
   FileDesc:   Cryptographic Service Provider API
   FileVer:    10.0.19041.546
   ProdVer:    10.0.19041.546

Module 38
C:\Windows\SYSTEM32\amdihk32.dll
Image Base: 0x6ce40000  Image Size: 0x00027000
File Size:  178272      File Time:  2022-03-16_084134
Version:
   Company:    Advanced Micro Devices, Inc.
   Product:    Radeon Settings
   FileDesc:   Radeon Settings: Host Service
   FileVer:    2.0.0.1788
   ProdVer:    2.0.0.1788

Module 39
C:\Windows\System32\DriverStore\FileRepository\u0377495.inf_amd64_58cc395c0bf03a26\B377432\aticfx32.dll
Image Base: 0x6cee0000  Image Size: 0x00167000
File Size:  1511528     File Time:  2022-03-16_084156
Version:
   Company:    Advanced Micro Devices, Inc. 
   Product:    AMD Inc. Radeon DirectX 11 Driver
   FileDesc:   aticfx32.dll
   FileVer:    30.0.15002.1004
   ProdVer:    8.17.10.1697

Module 40
C:\Windows\SYSTEM32\dxcore.dll
Image Base: 0x6d050000  Image Size: 0x0002c000
File Size:  163216      File Time:  2021-07-30_080956
Version:
   Company:    Microsoft Corporation
   Product:    Microsoft® Windows® Operating System
   FileDesc:   DXCore
   FileVer:    10.0.19041.546
   ProdVer:    10.0.19041.546

Module 41
C:\Windows\SYSTEM32\drvstore.dll
Image Base: 0x6d120000  Image Size: 0x00100000
File Size:  1038680     File Time:  2022-03-28_160604
Version:
   Company:    Microsoft Corporation
   Product:    Microsoft® Windows® Operating System
   FileDesc:   Driver Store API
   FileVer:    10.0.19041.1566
   ProdVer:    10.0.19041.1566

Module 42
C:\Windows\System32\DriverStore\FileRepository\nvhmig.inf_amd64_715167e770b0a27c\nvldumd.dll
Image Base: 0x6d220000  Image Size: 0x000d9000
File Size:  879600      File Time:  2022-03-18_100314
Version:
   Company:    NVIDIA Corporation
   Product:    NVIDIA driver loader
   FileDesc:   NVIDIA Driver Loader, Version 512.15 
   FileVer:    30.0.15.1215
   ProdVer:    30.0.15.1215

Module 43
C:\Windows\SYSTEM32\dxgi.dll
Image Base: 0x6d490000  Image Size: 0x000c2000
File Size:  785064      File Time:  2022-03-28_160600
Version:
   Company:    Microsoft Corporation
   Product:    Microsoft® Windows® Operating System
   FileDesc:   DirectX Graphics Infrastructure
   FileVer:    10.0.19041.1566
   ProdVer:    10.0.19041.1566

Module 44
C:\Windows\SYSTEM32\d3d11.dll
Image Base: 0x6d6d0000  Image Size: 0x001e0000
File Size:  1963712     File Time:  2021-12-15_073914
Version:
   Company:    Microsoft Corporation
   Product:    Microsoft® Windows® Operating System
   FileDesc:   Direct3D 11 Runtime
   FileVer:    10.0.19041.1202
   ProdVer:    10.0.19041.1202

Module 45
C:\Windows\SYSTEM32\devobj.dll
Image Base: 0x6fe20000  Image Size: 0x00029000
File Size:  160632      File Time:  2022-03-28_160602
Version:
   Company:    Microsoft Corporation
   Product:    Microsoft® Windows® Operating System
   FileDesc:   Device Information Set DLL
   FileVer:    10.0.19041.1566
   ProdVer:    10.0.19041.1566

Module 46
C:\Windows\SYSTEM32\cryptnet.dll
Image Base: 0x700c0000  Image Size: 0x00026000
File Size:  145144      File Time:  2021-07-30_081010
Version:
   Company:    Microsoft Corporation
   Product:    Microsoft® Windows® Operating System
   FileDesc:   Crypto Network Related API
   FileVer:    10.0.19041.906
   ProdVer:    10.0.19041.906

Module 47
C:\Windows\SYSTEM32\msasn1.dll
Image Base: 0x700f0000  Image Size: 0x0000e000
File Size:  50616       File Time:  2021-07-30_081010
Version:
   Company:    Microsoft Corporation
   Product:    Microsoft® Windows® Operating System
   FileDesc:   ASN.1 Runtime APIs
   FileVer:    10.0.19041.546
   ProdVer:    10.0.19041.546

Module 48
C:\Windows\SYSTEM32\dwmapi.dll
Image Base: 0x707e0000  Image Size: 0x00026000
File Size:  138936      File Time:  2021-07-30_081010
Version:
   Company:    Microsoft Corporation
   Product:    Microsoft® Windows® Operating System
   FileDesc:   Microsoft Desktop Window Manager API
   FileVer:    10.0.19041.746
   ProdVer:    10.0.19041.746

Module 49
C:\Windows\SYSTEM32\WINMM.dll
Image Base: 0x71070000  Image Size: 0x00028000
File Size:  149272      File Time:  2021-07-30_080900
Version:
   Company:    Microsoft Corporation
   Product:    Microsoft® Windows® Operating System
   FileDesc:   MCI API DLL
   FileVer:    10.0.19041.546
   ProdVer:    10.0.19041.546

Module 50
C:\Windows\SYSTEM32\UMPDC.dll
Image Base: 0x71dd0000  Image Size: 0x0000d000
File Size:  47472       File Time:  2021-07-30_080948
Version:
   Company:    
   Product:    
   FileDesc:   
   FileVer:    0.0.0.0
   ProdVer:    0.0.0.0

Module 51
C:\Windows\SYSTEM32\powrprof.dll
Image Base: 0x71de0000  Image Size: 0x00044000
File Size:  268080      File Time:  2021-07-30_081012
Version:
   Company:    Microsoft Corporation
   Product:    Microsoft® Windows® Operating System
   FileDesc:   Power Profile Helper DLL
   FileVer:    10.0.19041.546
   ProdVer:    10.0.19041.546

Module 52
C:\Windows\system32\uxtheme.dll
Image Base: 0x72c20000  Image Size: 0x00074000
File Size:  455168      File Time:  2022-03-28_160558
Version:
   Company:    Microsoft Corporation
   Product:    Microsoft® Windows® Operating System
   FileDesc:   Microsoft UxTheme Library
   FileVer:    10.0.19041.1566
   ProdVer:    10.0.19041.1566

Module 53
C:\Windows\SYSTEM32\cryptbase.dll
Image Base: 0x73d90000  Image Size: 0x0000a000
File Size:  31528       File Time:  2021-07-30_080902
Version:
   Company:    Microsoft Corporation
   Product:    Microsoft® Windows® Operating System
   FileDesc:   Base cryptographic API DLL
   FileVer:    10.0.19041.546
   ProdVer:    10.0.19041.546

Module 54
C:\Windows\SYSTEM32\SspiCli.dll
Image Base: 0x73da0000  Image Size: 0x00021000
File Size:  123984      File Time:  2022-03-28_160558
Version:
   Company:    Microsoft Corporation
   Product:    Microsoft® Windows® Operating System
   FileDesc:   Security Support Provider Interface
   FileVer:    10.0.19041.1586
   ProdVer:    10.0.19041.1586

Module 55
C:\Windows\SYSTEM32\MSWSOCK.dll
Image Base: 0x73f50000  Image Size: 0x00052000
File Size:  324416      File Time:  2021-07-30_081010
Version:
   Company:    Microsoft Corporation
   Product:    Microsoft® Windows® Operating System
   FileDesc:   Microsoft Windows Sockets 2.0 Service Provider
   FileVer:    10.0.19041.546
   ProdVer:    10.0.19041.546

Module 56
C:\Windows\SYSTEM32\ntmarta.dll
Image Base: 0x74630000  Image Size: 0x00029000
File Size:  152904      File Time:  2021-07-30_081010
Version:
   Company:    Microsoft Corporation
   Product:    Microsoft® Windows® Operating System
   FileDesc:   Windows NT MARTA provider
   FileVer:    10.0.19041.546
   ProdVer:    10.0.19041.546

Module 57
C:\Windows\SYSTEM32\kernel.appcore.dll
Image Base: 0x74660000  Image Size: 0x0000f000
File Size:  52672       File Time:  2021-07-30_080948
Version:
   Company:    Microsoft Corporation
   Product:    Microsoft® Windows® Operating System
   FileDesc:   AppModel API Host
   FileVer:    10.0.19041.546
   ProdVer:    10.0.19041.546

Module 58
C:\Windows\SYSTEM32\profapi.dll
Image Base: 0x74670000  Image Size: 0x00018000
File Size:  89360       File Time:  2021-07-30_080902
Version:
   Company:    Microsoft Corporation
   Product:    Microsoft® Windows® Operating System
   FileDesc:   User Profile Basic API
   FileVer:    10.0.19041.844
   ProdVer:    10.0.19041.844

Module 59
C:\Windows\SYSTEM32\Wldp.dll
Image Base: 0x74690000  Image Size: 0x00024000
File Size:  140472      File Time:  2022-03-28_160602
Version:
   Company:    Microsoft Corporation
   Product:    Microsoft® Windows® Operating System
   FileDesc:   Windows Lockdown Policy
   FileVer:    10.0.19041.1566
   ProdVer:    10.0.19041.1566

Module 60
C:\Windows\SYSTEM32\windows.storage.dll
Image Base: 0x746c0000  Image Size: 0x0060c000
File Size:  6371544     File Time:  2022-03-28_160602
Version:
   Company:    Microsoft Corporation
   Product:    Microsoft® Windows® Operating System
   FileDesc:   Microsoft WinRT Storage API
   FileVer:    10.0.19041.1566
   ProdVer:    10.0.19041.1566

Module 61
C:\Windows\SYSTEM32\IPHLPAPI.DLL
Image Base: 0x74f90000  Image Size: 0x00032000
File Size:  196784      File Time:  2021-07-30_081010
Version:
   Company:    Microsoft Corporation
   Product:    Microsoft® Windows® Operating System
   FileDesc:   IP Helper API
   FileVer:    10.0.19041.546
   ProdVer:    10.0.19041.546

Module 62
C:\Windows\SYSTEM32\VERSION.dll
Image Base: 0x74fd0000  Image Size: 0x00008000
File Size:  27320       File Time:  2021-07-30_081048
Version:
   Company:    Microsoft Corporation
   Product:    Microsoft® Windows® Operating System
   FileDesc:   Version Checking and File Installation Libraries
   FileVer:    10.0.19041.546
   ProdVer:    10.0.19041.546

Module 63
C:\Windows\System32\RPCRT4.dll
Image Base: 0x752c0000  Image Size: 0x000be000
File Size:  776328      File Time:  2022-02-20_152924
Version:
   Company:    Microsoft Corporation
   Product:    Microsoft® Windows® Operating System
   FileDesc:   Remote Procedure Call Runtime
   FileVer:    10.0.19041.1466
   ProdVer:    10.0.19041.1466

Module 64
C:\Windows\System32\clbcatq.dll
Image Base: 0x75380000  Image Size: 0x0007e000
File Size:  504552      File Time:  2021-07-30_081008
Version:
   Company:    Microsoft Corporation
   Product:    Microsoft® Windows® Operating System
   FileDesc:   COM+ Configuration Catalog
   FileVer:    2001.12.10941.16384
   ProdVer:    10.0.19041.546

Module 65
C:\Windows\System32\SETUPAPI.dll
Image Base: 0x75400000  Image Size: 0x0043a000
File Size:  4459984     File Time:  2022-03-28_160604
Version:
   Company:    Microsoft Corporation
   Product:    Microsoft® Windows® Operating System
   FileDesc:   Windows Setup API
   FileVer:    10.0.19041.1566
   ProdVer:    10.0.19041.1566

Module 66
C:\Windows\System32\CRYPT32.dll
Image Base: 0x75840000  Image Size: 0x000fa000
File Size:  1013344     File Time:  2021-12-15_073916
Version:
   Company:    Microsoft Corporation
   Product:    Microsoft® Windows® Operating System
   FileDesc:   Crypto API32
   FileVer:    10.0.19041.1320
   ProdVer:    10.0.19041.1320

Module 67
C:\Windows\System32\IMM32.dll
Image Base: 0x759a0000  Image Size: 0x00025000
File Size:  143056      File Time:  2021-07-30_081024
Version:
   Company:    Microsoft Corporation
   Product:    Microsoft® Windows® Operating System
   FileDesc:   Multi-User Windows IMM32 API Client DLL
   FileVer:    10.0.19041.546
   ProdVer:    10.0.19041.546

Module 68
C:\Windows\System32\WS2_32.dll
Image Base: 0x759d0000  Image Size: 0x00063000
File Size:  397728      File Time:  2021-07-30_080902
Version:
   Company:    Microsoft Corporation
   Product:    Microsoft® Windows® Operating System
   FileDesc:   Windows Socket 2.0 32-Bit DLL
   FileVer:    10.0.19041.546
   ProdVer:    10.0.19041.546

Module 69
C:\Windows\System32\MSCTF.dll
Image Base: 0x75a40000  Image Size: 0x000d4000
File Size:  862000      File Time:  2022-03-28_160558
Version:
   Company:    Microsoft Corporation
   Product:    Microsoft® Windows® Operating System
   FileDesc:   MSCTF Server DLL
   FileVer:    10.0.19041.1566
   ProdVer:    10.0.19041.1566

Module 70
C:\Windows\System32\OLEAUT32.dll
Image Base: 0x75b20000  Image Size: 0x00096000
File Size:  606888      File Time:  2021-07-30_081012
Version:
   Company:    Microsoft Corporation
   Product:    Microsoft® Windows® Operating System
   FileDesc:   OLEAUT32.DLL
   FileVer:    10.0.19041.985
   ProdVer:    10.0.19041.985

Module 71
C:\Windows\System32\WINTRUST.DLL
Image Base: 0x75bc0000  Image Size: 0x0004d000
File Size:  315016      File Time:  2022-03-28_160602
Version:
   Company:    Microsoft Corporation
   Product:    Microsoft® Windows® Operating System
   FileDesc:   Microsoft Trust Verification APIs
   FileVer:    10.0.19041.1566
   ProdVer:    10.0.19041.1566

Module 72
C:\Windows\System32\win32u.dll
Image Base: 0x75c10000  Image Size: 0x00018000
File Size:  94024       File Time:  2022-03-28_160602
Version:
   Company:    Microsoft Corporation
   Product:    Microsoft® Windows® Operating System
   FileDesc:   Win32u
   FileVer:    10.0.19041.1586
   ProdVer:    10.0.19041.1586

Module 73
C:\Windows\System32\msvcp_win.dll
Image Base: 0x75c30000  Image Size: 0x0007b000
File Size:  495840      File Time:  2021-07-30_081010
Version:
   Company:    Microsoft Corporation
   Product:    Microsoft® Windows® Operating System
   FileDesc:   Microsoft® C Runtime Library
   FileVer:    10.0.19041.789
   ProdVer:    10.0.19041.789

Module 74
C:\Windows\System32\shcore.dll
Image Base: 0x75cb0000  Image Size: 0x00087000
File Size:  545968      File Time:  2022-03-28_160602
Version:
   Company:    Microsoft Corporation
   Product:    Microsoft® Windows® Operating System
   FileDesc:   SHCORE
   FileVer:    10.0.19041.1566
   ProdVer:    10.0.19041.1566

Module 75
C:\Windows\System32\SHELL32.dll
Image Base: 0x75d40000  Image Size: 0x005b5000
File Size:  6012560     File Time:  2022-03-28_160604
Version:
   Company:    Microsoft Corporation
   Product:    Microsoft® Windows® Operating System
   FileDesc:   Windows Shell Common Dll
   FileVer:    10.0.19041.1566
   ProdVer:    10.0.19041.1566

Module 76
C:\Windows\System32\KERNEL32.DLL
Image Base: 0x76300000  Image Size: 0x000f0000
File Size:  641848      File Time:  2022-03-28_160558
Version:
   Company:    Microsoft Corporation
   Product:    Microsoft® Windows® Operating System
   FileDesc:   Windows NT BASE API Client DLL
   FileVer:    10.0.19041.1566
   ProdVer:    10.0.19041.1566

Module 77
C:\Windows\System32\KERNELBASE.dll
Image Base: 0x763f0000  Image Size: 0x00214000
File Size:  2181160     File Time:  2022-03-28_160552
Version:
   Company:    Microsoft Corporation
   Product:    Microsoft® Windows® Operating System
   FileDesc:   Windows NT BASE API Client DLL
   FileVer:    10.0.19041.1586
   ProdVer:    10.0.19041.1586

Module 78
C:\Windows\System32\imagehlp.dll
Image Base: 0x76780000  Image Size: 0x00019000
File Size:  95496       File Time:  2021-12-24_084956
Version:
   Company:    Microsoft Corporation
   Product:    Microsoft® Windows® Operating System
   FileDesc:   Windows NT Image Helper
   FileVer:    10.0.19041.1415
   ProdVer:    10.0.19041.1415

Module 79
C:\Windows\System32\msvcrt.dll
Image Base: 0x767a0000  Image Size: 0x000bf000
File Size:  775256      File Time:  2021-07-30_080900
Version:
   Company:    Microsoft Corporation
   Product:    Microsoft® Windows® Operating System
   FileDesc:   Windows NT CRT DLL
   FileVer:    7.0.19041.546
   ProdVer:    10.0.19041.546

Module 80
C:\Windows\System32\bcryptPrimitives.dll
Image Base: 0x76870000  Image Size: 0x0005f000
File Size:  383264      File Time:  2021-12-24_084956
Version:
   Company:    Microsoft Corporation
   Product:    Microsoft® Windows® Operating System
   FileDesc:   Windows Cryptographic Primitives Library
   FileVer:    10.0.19041.1415
   ProdVer:    10.0.19041.1415

Module 81
C:\Windows\System32\ucrtbase.dll
Image Base: 0x768d0000  Image Size: 0x00120000
File Size:  1181208     File Time:  2021-07-30_081010
Version:
   Company:    Microsoft Corporation
   Product:    Microsoft® Windows® Operating System
   FileDesc:   Microsoft® C Runtime Library
   FileVer:    10.0.19041.789
   ProdVer:    10.0.19041.789

Module 82
C:\Windows\System32\gdi32full.dll
Image Base: 0x769f0000  Image Size: 0x000dc000
File Size:  896120      File Time:  2022-03-28_160602
Version:
   Company:    Microsoft Corporation
   Product:    Microsoft® Windows® Operating System
   FileDesc:   GDI Client DLL
   FileVer:    10.0.19041.1566
   ProdVer:    10.0.19041.1566

Module 83
C:\Windows\System32\sechost.dll
Image Base: 0x76ad0000  Image Size: 0x00076000
File Size:  477824      File Time:  2022-03-28_160558
Version:
   Company:    Microsoft Corporation
   Product:    Microsoft® Windows® Operating System
   FileDesc:   Host for SCM/SDDL/LSA Lookup APIs
   FileVer:    10.0.19041.1586
   ProdVer:    10.0.19041.1586

Module 84
C:\Windows\System32\USER32.dll
Image Base: 0x76c00000  Image Size: 0x0019c000
File Size:  1680720     File Time:  2022-03-28_160602
Version:
   Company:    Microsoft Corporation
   Product:    Microsoft® Windows® Operating System
   FileDesc:   Multi-User Windows USER API Client DLL
   FileVer:    10.0.19041.1586
   ProdVer:    10.0.19041.1586

Module 85
C:\Windows\System32\SHLWAPI.dll
Image Base: 0x76da0000  Image Size: 0x00045000
File Size:  275808      File Time:  2021-07-30_081048
Version:
   Company:    Microsoft Corporation
   Product:    Microsoft® Windows® Operating System
   FileDesc:   Shell Light-weight Utility Library
   FileVer:    10.0.19041.1023
   ProdVer:    10.0.19041.1023

Module 86
C:\Windows\System32\ole32.dll
Image Base: 0x76e50000  Image Size: 0x000e3000
File Size:  926560      File Time:  2021-12-15_073916
Version:
   Company:    Microsoft Corporation
   Product:    Microsoft® Windows® Operating System
   FileDesc:   Microsoft OLE for Windows
   FileVer:    10.0.19041.1202
   ProdVer:    10.0.19041.1202

Module 87
C:\Windows\System32\cfgmgr32.dll
Image Base: 0x76f40000  Image Size: 0x0003b000
File Size:  236536      File Time:  2021-12-15_073916
Version:
   Company:    Microsoft Corporation
   Product:    Microsoft® Windows® Operating System
   FileDesc:   Configuration Manager DLL
   FileVer:    10.0.19041.1151
   ProdVer:    10.0.19041.1151

Module 88
C:\Windows\System32\NSI.dll
Image Base: 0x76f80000  Image Size: 0x00007000
File Size:  20144       File Time:  2021-07-30_080726
Version:
   Company:    Microsoft Corporation
   Product:    Microsoft® Windows® Operating System
   FileDesc:   NSI User-mode interface DLL
   FileVer:    10.0.19041.610
   ProdVer:    10.0.19041.610

Module 89
C:\Windows\System32\bcrypt.dll
Image Base: 0x76f90000  Image Size: 0x00019000
File Size:  96032       File Time:  2021-07-30_081010
Version:
   Company:    Microsoft Corporation
   Product:    Microsoft® Windows® Operating System
   FileDesc:   Windows Cryptographic Primitives Library
   FileVer:    10.0.19041.1023
   ProdVer:    10.0.19041.1023

Module 90
C:\Windows\System32\GDI32.dll
Image Base: 0x770a0000  Image Size: 0x00024000
File Size:  140976      File Time:  2021-12-15_073914
Version:
   Company:    Microsoft Corporation
   Product:    Microsoft® Windows® Operating System
   FileDesc:   GDI Client DLL
   FileVer:    10.0.19041.1202
   ProdVer:    10.0.19041.1202

Module 91
C:\Windows\System32\PSAPI.DLL
Image Base: 0x770d0000  Image Size: 0x00006000
File Size:  17016       File Time:  2021-07-30_081008
Version:
   Company:    Microsoft Corporation
   Product:    Microsoft® Windows® Operating System
   FileDesc:   Process Status Helper
   FileVer:    10.0.19041.546
   ProdVer:    10.0.19041.546

Module 92
C:\Windows\System32\ADVAPI32.dll
Image Base: 0x770e0000  Image Size: 0x0007b000
File Size:  495312      File Time:  2022-02-20_152924
Version:
   Company:    Microsoft Corporation
   Product:    Microsoft® Windows® Operating System
   FileDesc:   Advanced Windows 32 Base API
   FileVer:    10.0.19041.1466
   ProdVer:    10.0.19041.1466

Module 93
C:\Windows\System32\combase.dll
Image Base: 0x77160000  Image Size: 0x00280000
File Size:  2634592     File Time:  2022-03-28_160602
Version:
   Company:    Microsoft Corporation
   Product:    Microsoft® Windows® Operating System
   FileDesc:   Microsoft COM for Windows
   FileVer:    10.0.19041.1566
   ProdVer:    10.0.19041.1566

Module 94
C:\Windows\SYSTEM32\ntdll.dll
Image Base: 0x773f0000  Image Size: 0x001a3000
File Size:  1697784     File Time:  2022-03-28_160558
Version:
   Company:    Microsoft Corporation
   Product:    Microsoft® Windows® Operating System
   FileDesc:   NT Layer DLL
   FileVer:    10.0.19041.1566
   ProdVer:    10.0.19041.1566


== [end of error.log] ==
