Unity Player [version: Unity 5.6.6f2_6bac21139588]

Dragonboy_vn_v202.exe caused an Access Violation (0xc0000005)
  in module Dragonboy_vn_v202.exe at 0023:01446056.

Error occurred at 2022-04-26_140900.
C:\Users\VANTHANH\Desktop\New folder (2)\Game\Game\Dragonboy_vn_v202.exe, run by VANTHANH.
57% memory in use.
0 MB physical memory [2585 MB free].
0 MB paging file [0 MB free].
0 MB user address space [3552 MB free].
Read from location 00000000 caused an access violation.

Context:
EDI:    0x00000000  ESI: 0x05ff60c0  EAX:   0xea775b4e
EBX:    0x00000000  ECX: 0x0b97eb18  EDX:   0x00000001
EIP:    0x01446056  EBP: 0x0b97eb60  SegCs: 0x00000023
EFlags: 0x00010283  ESP: 0x0b97eb28  SegSs: 0x0000002b

Bytes at CS:EIP:
8b 0f 6a 01 6a ff 51 8b d8 89 55 d8 ff 15 e8 13 

Stack:
0x0b97eb28: 00000008 03d8a990 05ff60c0 05ff5cc0 .........`...\..
0x0b97eb38: 0b97eb64 01147698 03e904fc 062c1688 d....v........,.
0x0b97eb48: 00000040 05ff6128 000001a0 00000000 @...(a..........
0x0b97eb58: 00000000 000001a0 0b97fa38 0114caf1 ........8.......
0x0b97eb68: 00002710 0b97f758 00000016 03d8a990 .'..X...........
0x0b97eb78: 0377b301 00000000 00000000 00000000 ..w.............
0x0b97eb88: 00000000 00000000 00000000 00000000 ................
0x0b97eb98: 00000000 00000000 00000000 00000000 ................
0x0b97eba8: 00000000 00000000 00000000 00000000 ................
0x0b97ebb8: 00000000 00000000 00000000 00000000 ................
0x0b97ebc8: 00000000 00000000 00000000 00000000 ................
0x0b97ebd8: 00000000 00000000 00000000 00000000 ................
0x0b97ebe8: 00000000 00000000 00000000 00000000 ................
0x0b97ebf8: 00000000 00000000 00000000 00000000 ................
0x0b97ec08: 00000000 00000000 00000000 00000000 ................
0x0b97ec18: 00000000 00000000 00000000 00000000 ................
0x0b97ec28: 00000000 00000000 00000000 00000000 ................
0x0b97ec38: 00000000 00000000 00000000 00000000 ................
0x0b97ec48: 00000000 00000000 00000000 00000000 ................
0x0b97ec58: 00000000 00000000 00000000 00000000 ................
0x0b97ec68: 00000000 00000000 00000000 00000000 ................
0x0b97ec78: 00000000 00000000 00000000 00000000 ................
0x0b97ec88: 00000000 00000000 00000000 00000000 ................
0x0b97ec98: 00000000 00000000 00000000 00000000 ................
0x0b97eca8: 00000000 00000000 00000000 00000000 ................
0x0b97ecb8: 00000000 00000000 00000000 00000000 ................
0x0b97ecc8: 00000000 00000000 00000000 00000000 ................
0x0b97ecd8: 00000000 00000000 00000000 00000000 ................
0x0b97ece8: 00000000 00000000 00000000 00000000 ................
0x0b97ecf8: 00000000 00000000 00000000 00000000 ................
0x0b97ed08: 00000000 00000000 00000000 00000000 ................
0x0b97ed18: 00000000 00000000 00000000 00000000 ................
0x0b97ed28: 00000000 00000000 00000000 00000000 ................
0x0b97ed38: 00000000 00000000 00000000 00000000 ................
0x0b97ed48: 00000000 00000000 00000000 00000000 ................
0x0b97ed58: 00000000 00000000 00000000 00000000 ................
0x0b97ed68: 00000000 00000000 00000000 00000000 ................
0x0b97ed78: 00000000 00000000 00000000 00000000 ................
0x0b97ed88: 00000000 00000000 00000000 00000000 ................
0x0b97ed98: 00000000 00000000 00000000 00000000 ................
0x0b97eda8: 00000000 00000000 00000000 00000000 ................
0x0b97edb8: 00000000 00000000 00000000 00000000 ................
0x0b97edc8: 00000000 00000000 00000000 00000000 ................
0x0b97edd8: 00000000 00000000 00000000 00000000 ................
0x0b97ede8: 00000000 00000000 00000000 00000000 ................
0x0b97edf8: 00000000 00000000 00000000 00000000 ................
0x0b97ee08: 00000000 00000000 00000000 00000000 ................
0x0b97ee18: 00000000 00000000 00000000 00000000 ................
0x0b97ee28: 00000000 00000000 00000000 00000000 ................
0x0b97ee38: 00000000 00000000 00000000 00000000 ................
0x0b97ee48: 00000000 00000000 00000000 00000000 ................
0x0b97ee58: 00000000 00000000 00000000 00000000 ................
0x0b97ee68: 00000000 00000000 00000000 00000000 ................
0x0b97ee78: 00000000 00000000 00000000 00000000 ................
0x0b97ee88: 00000000 00000000 00000000 00000000 ................
0x0b97ee98: 00000000 00000000 00000000 00000000 ................
0x0b97eea8: 00000000 00000000 00000000 00000000 ................
0x0b97eeb8: 00000000 00000000 00000000 00000000 ................
0x0b97eec8: 00000000 00000000 00000000 00000000 ................
0x0b97eed8: 00000000 00000000 00000000 00000000 ................
0x0b97eee8: 00000000 00000000 00000000 00000000 ................
0x0b97eef8: 00000000 00000000 00000000 00000000 ................
0x0b97ef08: 00000000 00000000 00000000 00000000 ................
0x0b97ef18: 00000000 00000000 00000000 00000000 ................
0x0b97ef28: 00000000 00000000 00000000 00000000 ................
0x0b97ef38: 00000000 00000000 00000000 00000000 ................
0x0b97ef48: 00000000 0b97ef74 77de81d0 0b97efcc ....t......w....
0x0b97ef58: 001b0bac 001b0bc4 001b0bac 001b0b80 ................
0x0b97ef68: 00000000 0b97ef94 0b97f090 0b97fa4c ............L...
0x0b97ef78: 77dd9254 001a0000 00000002 00000009 T..w............
0x0b97ef88: 00000000 00000002 0b97f080 00000000 ................
0x0b97ef98: 77d7c2f0 77d70000 001a3000 00000047 ...w...w.0..G...
0x0b97efa8: 0b97f0e0 00000004 000888e0 00000000 ................
0x0b97efb8: 77dba701 0b97f0cc 77df88c2 0b97f090 ...w.......w....
0x0b97efc8: 0b97f41c 0b97f0e0 0b97f03c 0b97f41c ........<.......
0x0b97efd8: 77df8910 0b97f41c 0b97f3b8 77df8894 ...w...........w
0x0b97efe8: 0b97f090 0b97f41c 0b97f0e0 0b97f03c ............<...
0x0b97eff8: 77df88e0 0b97f090 0b97fa4c 0b97f41c ...w....L.......
0x0b97f008: 77dd8f57 0b97f090 77de2dec 77dd8f90 W..w.....-.w...w
0x0b97f018: 0b97f0e0 00000000 01e51bc8 00000000 ................
0x0b97f028: 0b97fa4c 0b980000 0b97e000 0b980000 L...............
0x0b97f038: 0b97e000 00000003 00000000 00000002 ................
0x0b97f048: 00000003 00000002 00000000 0b97f114 ................
0x0b97f058: 77db9e65 00000003 00000000 00000002 e..w............
0x0b97f068: 0b97f0cc 0b97f080 0b97f2c8 00000000 ................
0x0b97f078: 77db9ec3 00000000 00000040 00000000 ...w....@.......
0x0b97f088: 00000000 00000000 c0000027 00000002 ........'.......
0x0b97f098: 00000000 016f5748 00000000 00000000 ....HWo.........
0x0b97f0a8: 00000000 00000000 00000000 00000000 ................
0x0b97f0b8: 00000000 00000000 0b97f168 00000000 ........h.......
0x0b97f0c8: 101c0f32 001a0018 101c0f1c 00000000 2...............
0x0b97f0d8: 00000000 0b97f16c 00010007 00000000 ....l...........
0x0b97f0e8: 00000000 00000000 00020000 0b97f108 ................
0x0b97f0f8: 0b97f108 0b97f108 00000002 00000002 ................
0x0b97f108: 00000000 81786b80 0b97f284 0b97f2c8 .....kx.........
0x0b97f118: 77db9bd1 0b97f1ac 00000000 0000002c ...w........,...
0x0b97f128: 0b97f390 00000000 77db9c43 00000000 ........C..w....
0x0b97f138: 001a0018 101c0f1c 00000000 00000000 ................
0x0b97f148: 00000000 00000000 00000000 00000000 ................
0x0b97f158: 00000000 00000000 00000000 00000000 ................
0x0b97f168: 00000010 0000002b 00800053 0b97002b ....+...S...+...
0x0b97f178: 0000002b 037c9c00 00000018 00000000 +.....|.........
0x0b97f188: 00000000 00000000 00000000 0b97f3e0 ................
0x0b97f198: 016f5748 03753670 00000000 00000000 HWo.p6u.........
0x0b97f1a8: 00000000 00000000 00000000 00000000 ................
0x0b97f1b8: 00000000 0374ed50 00000001 00000000 ....P.t.........
0x0b97f1c8: ffffffff 00000000 00000000 00000000 ................
0x0b97f1d8: 00000000 00000000 00000000 00000000 ................
0x0b97f1e8: 00000000 03e9043c 00000000 00000000 ....<...........
0x0b97f1f8: 00000000 00000000 00000000 037f17d0 ................
0x0b97f208: 037f1790 00000000 00000000 00000000 ................
0x0b97f218: 00000000 03dd4a60 03dd4f30 00000000 ....`J..0O......
0x0b97f228: 00000000 00000000 00000000 00000000 ................
0x0b97f238: 00000000 00000000 0000000d 0000000d ................
0x0b97f248: 05ff6ac0 03c6c060 03c6c0e0 0000000f .j..`...........
0x0b97f258: 00014bed 00000000 00000000 00000000 .K..............
0x0b97f268: 00002733 00000001 00000018 00000004 3'..............
0x0b97f278: 00000006 00000000 07dbc5a0 09192168 ............h!..
0x0b97f288: 0000000f 00014bed 00000000 536cd652 .....K......R.lS
0x0b97f298: 0b97f3b0 fffffffe 0b97f2e8 77dbb2ea ...............w
0x0b97f2a8: 00000000 0b97f2dc 0b97f5ec 00003930 ............09..
0x0b97f2b8: 001b1a58 001b1a64 00000000 001b2288 X...d........"..
0x0b97f2c8: 00000000 001a70f8 00000000 001b54f8 .....p.......T..
0x0b97f2d8: 0b97f614 77dead20 fd08599c 0017239c .... ..w.Y...#..
0x0b97f2e8: 0b97f5ec 0019580c 002d2c0c 00000184 .....X...,-.....
0x0b97f2f8: 001726e4 00000000 001726d4 002d2c74 .&.......&..t,-.
0x0b97f308: 817869a8 0b97f3f4 0b97f37c 00172318 .ix.....|....#..
0x0b97f318: 002d2bdc 00000004 00000ad0 0b97f308 .+-.............
0x0b97f328: 77db626f 00004d18 77dead20 00000180 ob.w.M.. ..w....
0x0b97f338: fffffffe 001b5404 77dae4f0 001b2418 .....T.....w.$..
0x0b97f348: 00e60000 00000000 00000000 0b97f3f4 ................
0x0b97f358: 00e60000 00e60128 00e60000 005e5000 ....(........P^.
0x0b97f368: 001b1c84 001c3ee8 016febb8 001c3ef8 .....>....o..>..
0x0b97f378: 00000000 001c3ee0 0b97f3e0 001b43f8 .....>.......C..
0x0b97f388: 001726c8 001b43fc 77bd04ee 001b43f0 .&...C.....w.C..
0x0b97f398: 00000000 00172714 016ebd58 00172728 .....'..X.n.('..
0x0b97f3a8: 0b97f3f8 0017270c 00196e80 002d2c1c .....'...n...,-.
0x0b97f3b8: 00071540 002d2c20 0b97fa4c 002d2c14 @... ,-.L....,-.
0x0b97f3c8: fffffffe 0b97fa4c 0144535f 00000001 ....L..._SD.....
0x0b97f3d8: 0b97fa5c 00000000 0b97fa4c 016ebe00 \.......L.....n.
0x0b97f3e8: 016ebe16 0b97f404 00000000 001cf70c ..n.............
0x0b97f3f8: 00000000 001cf710 00195778 001cf704 ........xW......
0x0b97f408: 0017230c 001cf700 0017238c 001b1a84 .#.......#......
0x0b97f418: 0b97f494 001b1a88 77df88e0 001b1a80 ...........w....
0x0b97f428: 0b97f4f0 001b1a7c 001957a0 0b97fa4c ....|....W..L...
0x0b97f438: 001b2280 0b97f494 0000591c 0b97fa4c .".......Y..L...
0x0b97f448: 00005ce4 00000000 00000178 0b97f508 .\......x.......
0x0b97f458: 00000190 0b97f558 001b245c 016ebd58 ....X...\$..X.n.
0x0b97f468: 001b5580 0377b3f0 001b2410 00ba00c0 .U....w..$......
0x0b97f478: 0b97f558 0b97fa4c 0000000d 0b97e000 X...L...........
0x0b97f488: 0b980000 00000000 001b54f4 00000000 .........T......
0x0b97f498: 0b24bae0 00000044 000000d8 00000008 ..$.D...........
0x0b97f4a8: 00000000 00000080 00000038 00000220 ........8... ...
0x0b97f4b8: 006902a0 00000000 001c3ecc 04ba0000 ..i......>......
0x0b97f4c8: 0000000a 00000001 010d01ff 00000044 ............D...
0x0b97f4d8: 04d74ba0 00000028 00000044 04d74ba0 .K..(...D....K..
0x0b97f4e8: 04d74ba8 001b55c4 001b5260 001b55c8 .K...U..`R...U..
0x0b97f4f8: 001b21ec 001b19a0 001726d0 001b19a4 .!.......&......
0x0b97f508: 406d1388 001b41e0 001b25ac 001b41e0 ..m@.A...%...A..
0x0b97f518: 001726dc 001b41c0 001b25b4 001b41e0 .&...A...%...A..
0x0b97f528: 001b228c 001b4034 00000000 001b4054 ."..4@......T@..
0x0b97f538: 00000013 0b97fa04 016ecb5c 00040013 ........\.n.....
0x0b97f548: 000008f0 00040000 000009a0 001b539c .............S..
0x0b97f558: 00000854 001b53bc 00000000 001b5394 T....S.......S..
0x0b97f568: 00000000 001b5380 00000000 0000027f .....S..........
0x0b97f578: 00000002 0000ffff 00000000 00000000 ................
0x0b97f588: 00000000 00000000 00000000 000507fc ................
0x0b97f598: 00000000 00050800 00000000 001b43e4 .............C..
0x0b97f5a8: 00000000 001b43e8 00000000 001b43e0 .....C.......C..
0x0b97f5b8: 00000000 001b43dc 00000000 00000000 .....C..........
0x0b97f5c8: 00000000 00000000 00000000 00000000 ................
0x0b97f5d8: ba75a800 3bf5c101 00000000 0000002b ..u....;....+...
0x0b97f5e8: 00000053 0000002b 00195798 01445d90 S...+....W...]D.
0x0b97f5f8: 0377b3f0 0377b3f0 00172314 00000004 ..w...w..#......
0x0b97f608: 0b97f9b8 0b97fa10 00172398 00000023 .........#..#...
0x0b97f618: 00172328 0b97f9b8 0000002b 0002027f (#......+.......
0x0b97f628: 001723a8 00000000 00000000 00000000 .#..............
0x0b97f638: 00000000 00001f80 001a70dc 00000000 .........p......
0x0b97f648: 0019579c 00000000 00000000 00000000 .W..............
0x0b97f658: 001b227c 00000000 00195808 00000000 |".......X......
0x0b97f668: 00005918 00000000 00004d14 00000000 .Y.......M......
0x0b97f678: 00005ce0 00000000 0000392c 00000000 .\......,9......
0x0b97f688: 00000174 00000000 0000017c 00000000 t.......|.......
0x0b97f698: 0000018c 00000000 00000194 00000000 ................
0x0b97f6a8: 00000188 00000000 001b2460 a8000000 ........`$......
0x0b97f6b8: 001b5444 00003bf5 001b55c0 00000000 DT...;...U......
0x0b97f6c8: 001b5538 00000000 001b2414 00000000 8U.......$......
0x0b97f6d8: 001b2458 00000000 00000000 00000000 X$..............
0x0b97f6e8: 00000000 00000000 00000000 00000000 ................
0x0b97f6f8: 00000000 00000000 001b2284 00000000 ........."......
0x0b97f708: 001b54e4 00000000 00000000 00000000 .T..............
0x0b97f718: 00000000 00000000 00000000 00000000 ................
0x0b97f728: 002d2c98 00000000 00000000 00000000 .,-.............
0x0b97f738: 00000000 00000000 00000000 05ce4020 ............ @..
0x0b97f748: 00000008 000007ff 00000148 008b0000 ........H.......
0x0b97f758: 00002740 0b97f914 77db7ada 00000001 @'.......z.w....
0x0b97f768: 001b1c88 00000053 001c3ed8 8178002b ....S....>..+.x.
0x0b97f778: 01445d90 0377b3f0 0377b3f0 00000000 .]D...w...w.....
0x0b97f788: 00000004 0b97f9b8 0b97fa10 761db922 ............"..v
0x0b97f798: 0b970023 00000216 0b97f9b8 77de002b #...........+..w
0x0b97f7a8: fd08591c fffffffe 77de45bc 77dd63f6 .Y.......E.w.c.w
0x0b97f7b8: 8178629c fb0003f8 00000000 0377b3f0 .bx...........w.
0x0b97f7c8: 00000000 00000000 001b5264 00000000 ........dR......
0x0b97f7d8: 002d2c10 00000000 001b21f0 00000000 .,-......!......
0x0b97f7e8: 001726cc 00000346 001726e0 00000000 .&..F....&......
0x0b97f7f8: 001726e8 77dead20 77de2dec 00007c0c .&.. ..w.-.w.|..
0x0b97f808: 0b97f828 00000001 001b25b0 00000000 (........%......
0x0b97f818: 001726d8 0b97f828 77d70000 fffffd34 .&..(......w4...
0x0b97f828: 00000428 fffffd34 001b25b8 0000001c (...4....%......
0x0b97f838: 00000140 00000000 001b22d8 00000000 @........"......
0x0b97f848: 00000004 80000000 00000000 00000000 ................
0x0b97f858: 00000000 00000000 00000000 00000000 ................
0x0b97f868: 00000000 00000000 002d2bb4 00000000 .........+-.....
0x0b97f878: 000008d0 00000000 00196e5c 00000000 ........\n......
0x0b97f888: 00000980 00000000 00000ab0 00000000 ................
0x0b97f898: 00000830 00000000 0007153c 00000000 0.......<.......
0x0b97f8a8: 00000000 00000000 00000000 00000000 ................
0x0b97f8b8: 00000000 00000000 00000000 00000000 ................
0x0b97f8c8: 00000000 00000000 001726e4 00000000 .........&......
0x0b97f8d8: 001726d8 00000000 00000000 00000000 .&..............
0x0b97f8e8: 001c3ee8 00000000 001b43f8 00000000 .>.......C......
0x0b97f8f8: 00172714 00000000 002d2c1c 00000190 .'.......,-.....
0x0b97f908: 00000000 00000000 001cf70c 00000000 ................
0x0b97f918: 001cf704 00000000 001b1a84 00000000 ................
0x0b97f928: 001b1a80 00000000 00000000 00000000 ................
0x0b97f938: 00000000 001b2418 001b539c 0000014c .....$...S..L...
0x0b97f948: 001b5394 00000000 001b43e4 00000000 .S.......C......
0x0b97f958: 001b43e0 00000000 00000000 00000000 .C..............
0x0b97f968: 00000000 00000000 00000000 00000000 ................
0x0b97f978: 00000000 00000000 00008004 00000000 ................
0x0b97f988: 00000000 00000000 00040013 00000000 ................
0x0b97f998: 00000000 0377b3f0 01445d90 001b2414 ......w..]D..$..
0x0b97f9a8: 761db915 0b97fa10 761db922 0b97f9b8 ...v...."..v....
0x0b97f9b8: 406d1388 00000000 00000000 761db922 ..m@........"..v
0x0b97f9c8: 00000004 00001000 01cd36d4 00001918 .........6......
0x0b97f9d8: 00000000 001726cc 00000000 0000000f .....&..........
0x0b97f9e8: 00000013 0b97fa04 016ecb5c 00040013 ........\.n.....
0x0b97f9f8: 00000a98 00000002 00001554 00000020 ........T... ...
0x0b97fa08: 00000020 00000005 00000006 00000003  ...............
0x0b97fa18: 00000000 00000000 037bfd90 0374ee01 ..........{...t.
0x0b97fa28: 00000009 062c13dc 03d8a990 00000008 ......,.........
0x0b97fa38: 0b97fa58 011527be 05ff60c0 01445d90 X....'...`...]D.
0x0b97fa48: 03d8a990 0377b3f0 0113ce07 0377b3f0 ......w.......w.
0x0b97fa58: 0b97fa74 01445dc6 03d8a990 00001918 t....]D.........
0x0b97fa68: 01cd36d4 01445d90 01445d90 0b97fa84 .6...]D..]D.....
0x0b97fa78: 7747fa29 0377b3f0 7747fa10 0b97fae0 ).Gw..w...Gw....
0x0b97fa88: 77dd7a7e 0377b3f0 81786074 00000000 ~z.w..w.t`x.....
0x0b97fa98: 00000000 0377b3f0 c0000005 00000000 ......w.........
0x0b97faa8: 7626e390 58fcf912 963f3e44 00000000 ..&v...XD>?.....
0x0b97fab8: 00000000 0b97e53c 2eda1a82 00000000 ....<...........
0x0b97fac8: 0b97fa90 0b97e53c 0b97fae8 77dead20 ....<....... ..w
0x0b97fad8: fd0853b4 00000000 0b97faf0 77dd7a4e .S..........Nz.w
0x0b97fae8: ffffffff 77df8a3b 00000000 00000000 ....;..w........
0x0b97faf8: 01445d90 0377b3f0 00000000 00000000 .]D...w.........
0x0b97fb08: 00000000 00000000 00000000 00000000 ................
0x0b97fb18: 00000000 00000000 00000000 00000000 ................
0x0b97fb28: 00000000 00000000 00000000 00000000 ................
0x0b97fb38: 00000000 00000000 00000000 00000000 ................
0x0b97fb48: 00000000 00000000 00000000 00000000 ................
0x0b97fb58: 00000000 00000000 00000000 00000000 ................
0x0b97fb68: 00000000 00000000 00000000 00000000 ................
0x0b97fb78: 00000000 00000000 00000000 00000000 ................
0x0b97fb88: 00000000 00000000 00000000 00000000 ................
0x0b97fb98: 00000000 00000000 00000000 00000000 ................
0x0b97fba8: 00000000 00000000 00000000 00000000 ................
0x0b97fbb8: 00000000 00000000 00000000 00000000 ................
0x0b97fbc8: 00000000 00000000 00000000 00000000 ................
0x0b97fbd8: 00000000 00000000 00000000 00000000 ................
0x0b97fbe8: 00000000 00000000 00000000 00000000 ................
0x0b97fbf8: 00000000 00000000 00000000 00000000 ................
0x0b97fc08: 00000000 00000000 00000000 00000000 ................
0x0b97fc18: 00000000 00000000 00000000 00000000 ................
0x0b97fc28: 00000000 00000000 00000000 00000000 ................
0x0b97fc38: 00000000 00000000 00000000 00000000 ................
0x0b97fc48: 00000000 00000000 00000000 00000000 ................
0x0b97fc58: 00000000 00000000 00000000 00000000 ................
0x0b97fc68: 00000000 00000000 00000000 00000000 ................
0x0b97fc78: 00000000 00000000 00000000 00000000 ................
0x0b97fc88: 00000000 00000000 00000000 00000000 ................
0x0b97fc98: 00000000 00000000 00000000 00000000 ................
0x0b97fca8: 00000000 00000000 00000000 00000000 ................
0x0b97fcb8: 00000000 00000000 00000000 00000000 ................
0x0b97fcc8: 00000000 00000000 00000000 00000000 ................
0x0b97fcd8: 00000000 00000000 00000000 00000000 ................
0x0b97fce8: 00000000 00000000 00000000 00000000 ................
0x0b97fcf8: 00000000 00000000 00000000 00000000 ................
0x0b97fd08: 00000000 00000000 00000000 00000000 ................
0x0b97fd18: 00000000 00000000 00000000 00000000 ................
0x0b97fd28: 00000000 00000000 00000000 00000000 ................
0x0b97fd38: 00000000 00000000 00000000 00000000 ................
0x0b97fd48: 00000000 00000000 00000000 00000000 ................
0x0b97fd58: 00000000 00000000 00000000 00000000 ................
0x0b97fd68: 00000000 00000000 00000000 00000000 ................
0x0b97fd78: 00000000 00000000 00000000 00000000 ................
0x0b97fd88: 00000000 00000000 00000000 00000000 ................
0x0b97fd98: 00000000 00000000 00000000 00000000 ................
0x0b97fda8: 00000000 00000000 00000000 00000000 ................
0x0b97fdb8: 00000000 00000000 00000000 00000000 ................
0x0b97fdc8: 00000000 00000000 00000000 00000000 ................
0x0b97fdd8: 00000000 00000000 00000000 00000000 ................
0x0b97fde8: 00000000 00000000 00000000 00000000 ................
0x0b97fdf8: 00000000 00000000 00000000 00000000 ................
0x0b97fe08: 00000000 00000000 00000000 00000000 ................
0x0b97fe18: 00000000 00000000 00000000 00000000 ................
0x0b97fe28: 00000000 00000000 00000000 00000000 ................
0x0b97fe38: 00000000 00000000 00000000 00000000 ................
0x0b97fe48: 00000000 00000000 00000000 00000000 ................
0x0b97fe58: 00000000 00000000 00000000 00000000 ................
0x0b97fe68: 00000000 00000000 00000000 00000000 ................
0x0b97fe78: 00000000 00000000 00000000 00000000 ................
0x0b97fe88: 00000000 00000000 00000000 00000000 ................
0x0b97fe98: 00000000 00000000 00000000 00000000 ................
0x0b97fea8: 00000000 00000000 00000000 00000000 ................
0x0b97feb8: 00000000 00000000 00000000 00000000 ................
0x0b97fec8: 00000000 00000000 00000000 00000000 ................
0x0b97fed8: 00000000 00000000 00000000 00000000 ................
0x0b97fee8: 00000000 00000000 00000000 00000000 ................
0x0b97fef8: 00000000 00000000 00000000 00000000 ................
0x0b97ff08: 00000000 00000000 00000000 00000000 ................
0x0b97ff18: 00000000 00000000 00000000 00000000 ................
0x0b97ff28: 00000000 00000000 00000000 00000000 ................
0x0b97ff38: 00000000 00000000 00000000 00000000 ................
0x0b97ff48: 00000000 00000000 00000000 00000000 ................
0x0b97ff58: 00000000 00000000 00000000 00000000 ................
0x0b97ff68: 00000000 00000000 00000000 00000000 ................
0x0b97ff78: 00000000 00000000 00000000 00000000 ................
0x0b97ff88: 00000000 00000000 00000000 00000000 ................
0x0b97ff98: 00000000 00000000 00000000 00000000 ................
0x0b97ffa8: 00000000 00000000 00000000 00000000 ................
0x0b97ffb8: 00000000 00000000 00000000 00000000 ................
0x0b97ffc8: 00000000 00000000 00000000 00000000 ................
0x0b97ffd8: 00000000 00000000 00000000 00000000 ................
0x0b97ffe8: 00000000 00000000 00000000 00000000 ................
0x0b97fff8: 00000000 00000000                   ........

Module 1
C:\Users\VANTHANH\Desktop\New folder (2)\Game\Game\Dragonboy_vn_v202.exe
Image Base: 0x00e60000  Image Size: 0x01228000
File Size:  18198528    File Time:  2021-11-16_092942
Version:
   Company:    
   Product:    
   FileDesc:   
   FileVer:    5.6.6.44065
   ProdVer:    5.6.6.44065

Module 2
C:\Windows\SYSTEM32\xinput1_3.dll
Image Base: 0x00400000  Image Size: 0x00016000
File Size:  81768       File Time:  2007-04-05_095342
Version:
   Company:    Microsoft Corporation
   Product:    Microsoft® DirectX for Windows®
   FileDesc:   Microsoft Common Controller API
   FileVer:    9.18.944.0
   ProdVer:    9.18.944.0

Module 3
C:\Users\VANTHANH\Desktop\New folder (2)\Game\Game\Dragonboy_vn_v202_Data\Mono\mono.dll
Image Base: 0x10000000  Image Size: 0x00231000
File Size:  2117056     File Time:  2018-04-26_174908
Version:
   Company:    Unity Technologies
   Product:    libmono
   FileDesc:   Unity Technologies fork of mono runtime
   FileVer:    1.0.0.1
   ProdVer:    1.0.0.1

Module 4
C:\Windows\SYSTEM32\dbghelp.dll
Image Base: 0x6ad90000  Image Size: 0x00188000
File Size:  1494016     File Time:  2021-07-30_081012
Version:
   Company:    Microsoft Corporation
   Product:    Microsoft® Windows® Operating System
   FileDesc:   Windows Image Helper
   FileVer:    10.0.19041.1052
   ProdVer:    10.0.19041.1052

Module 5
C:\Windows\SYSTEM32\amdihk32.dll
Image Base: 0x6b320000  Image Size: 0x00027000
File Size:  178272      File Time:  2022-03-16_084134
Version:
   Company:    Advanced Micro Devices, Inc.
   Product:    Radeon Settings
   FileDesc:   Radeon Settings: Host Service
   FileVer:    2.0.0.1788
   ProdVer:    2.0.0.1788

Module 6
C:\Windows\System32\DriverStore\FileRepository\u0377495.inf_amd64_58cc395c0bf03a26\B377432\atidxx32.dll
Image Base: 0x6b350000  Image Size: 0x01a51000
File Size:  27988048    File Time:  2022-03-16_084224
Version:
   Company:    Advanced Micro Devices, Inc. 
   Product:    Advanced Micro Devices, Inc. Radeon DirectX 11 Driver
   FileDesc:   atidxx32.dll
   FileVer:    30.0.15002.1004
   ProdVer:    8.17.10.1056

Module 7
C:\Windows\System32\DriverStore\FileRepository\u0377495.inf_amd64_58cc395c0bf03a26\B377432\atiuxpag.dll
Image Base: 0x6cdb0000  Image Size: 0x0002e000
File Size:  204424      File Time:  2022-03-16_084248
Version:
   Company:    Advanced Micro Devices, Inc. 
   Product:    Advanced Micro Devices, Inc PowerXpress Vista DX10 User Mode Driver
   FileDesc:   atiuxpag.dll
   FileVer:    30.0.15002.1004
   ProdVer:    8.14.1.6564

Module 8
C:\Windows\System32\DriverStore\FileRepository\u0377495.inf_amd64_58cc395c0bf03a26\B377432\aticfx32.dll
Image Base: 0x6cde0000  Image Size: 0x00167000
File Size:  1511528     File Time:  2022-03-16_084156
Version:
   Company:    Advanced Micro Devices, Inc. 
   Product:    AMD Inc. Radeon DirectX 11 Driver
   FileDesc:   aticfx32.dll
   FileVer:    30.0.15002.1004
   ProdVer:    8.17.10.1697

Module 9
C:\Windows\SYSTEM32\dwmapi.dll
Image Base: 0x6cf50000  Image Size: 0x00026000
File Size:  138936      File Time:  2021-07-30_081010
Version:
   Company:    Microsoft Corporation
   Product:    Microsoft® Windows® Operating System
   FileDesc:   Microsoft Desktop Window Manager API
   FileVer:    10.0.19041.746
   ProdVer:    10.0.19041.746

Module 10
C:\Windows\SYSTEM32\resourcepolicyclient.dll
Image Base: 0x6cf80000  Image Size: 0x0000f000
File Size:  52664       File Time:  2021-07-30_080928
Version:
   Company:    Microsoft Corporation
   Product:    Microsoft® Windows® Operating System
   FileDesc:   Resource Policy Client
   FileVer:    10.0.19041.546
   ProdVer:    10.0.19041.546

Module 11
C:\Windows\SYSTEM32\midimap.dll
Image Base: 0x6cf90000  Image Size: 0x00008000
File Size:  18944       File Time:  2021-07-30_080900
Version:
   Company:    Microsoft Corporation
   Product:    Microsoft® Windows® Operating System
   FileDesc:   Microsoft MIDI Mapper
   FileVer:    10.0.19041.488
   ProdVer:    10.0.19041.488

Module 12
C:\Windows\SYSTEM32\MSACM32.dll
Image Base: 0x6cfa0000  Image Size: 0x00019000
File Size:  93472       File Time:  2019-12-07_160912
Version:
   Company:    Microsoft Corporation
   Product:    Microsoft® Windows® Operating System
   FileDesc:   Microsoft ACM Audio Filter
   FileVer:    10.0.19041.1
   ProdVer:    10.0.19041.1

Module 13
C:\Windows\SYSTEM32\msacm32.drv
Image Base: 0x6cfc0000  Image Size: 0x0000a000
File Size:  23552       File Time:  2021-07-30_080900
Version:
   Company:    Microsoft Corporation
   Product:    Microsoft® Windows® Operating System
   FileDesc:   Microsoft Sound Mapper
   FileVer:    10.0.19041.488
   ProdVer:    10.0.19041.488

Module 14
C:\Windows\SYSTEM32\UMPDC.dll
Image Base: 0x6cfd0000  Image Size: 0x0000d000
File Size:  47472       File Time:  2021-07-30_080948
Version:
   Company:    
   Product:    
   FileDesc:   
   FileVer:    0.0.0.0
   ProdVer:    0.0.0.0

Module 15
C:\Windows\SYSTEM32\powrprof.dll
Image Base: 0x6cfe0000  Image Size: 0x00044000
File Size:  268080      File Time:  2021-07-30_081012
Version:
   Company:    Microsoft Corporation
   Product:    Microsoft® Windows® Operating System
   FileDesc:   Power Profile Helper DLL
   FileVer:    10.0.19041.546
   ProdVer:    10.0.19041.546

Module 16
C:\Windows\SYSTEM32\AUDIOSES.DLL
Image Base: 0x6d030000  Image Size: 0x00136000
File Size:  1259808     File Time:  2022-03-28_160556
Version:
   Company:    Microsoft Corporation
   Product:    Microsoft® Windows® Operating System
   FileDesc:   Audio Session
   FileVer:    10.0.19041.1566
   ProdVer:    10.0.19041.1566

Module 17
C:\Windows\SYSTEM32\AVRT.dll
Image Base: 0x6d170000  Image Size: 0x00008000
File Size:  27336       File Time:  2021-07-30_080900
Version:
   Company:    Microsoft Corporation
   Product:    Microsoft® Windows® Operating System
   FileDesc:   Multimedia Realtime Runtime
   FileVer:    10.0.19041.546
   ProdVer:    10.0.19041.546

Module 18
C:\Windows\SYSTEM32\ksuser.dll
Image Base: 0x6d180000  Image Size: 0x00007000
File Size:  20328       File Time:  2019-12-07_160912
Version:
   Company:    Microsoft Corporation
   Product:    Microsoft® Windows® Operating System
   FileDesc:   User CSA Library
   FileVer:    10.0.19041.1
   ProdVer:    10.0.19041.1

Module 19
C:\Windows\SYSTEM32\wdmaud.drv
Image Base: 0x6d190000  Image Size: 0x0003a000
File Size:  215040      File Time:  2019-12-07_160912
Version:
   Company:    Microsoft Corporation
   Product:    Microsoft® Windows® Operating System
   FileDesc:   Winmm  audio system driver
   FileVer:    10.0.19041.1
   ProdVer:    10.0.19041.1

Module 20
C:\Windows\SYSTEM32\winmmbase.dll
Image Base: 0x6d1d0000  Image Size: 0x0001d000
File Size:  110720      File Time:  2019-12-07_160912
Version:
   Company:    Microsoft Corporation
   Product:    Microsoft® Windows® Operating System
   FileDesc:   Base Multimedia Extension API DLL
   FileVer:    10.0.19041.1
   ProdVer:    10.0.19041.1

Module 21
C:\Windows\System32\MMDevApi.dll
Image Base: 0x6d1f0000  Image Size: 0x0006b000
File Size:  421488      File Time:  2022-02-20_152924
Version:
   Company:    Microsoft Corporation
   Product:    Microsoft® Windows® Operating System
   FileDesc:   MMDevice API
   FileVer:    10.0.19041.1503
   ProdVer:    10.0.19041.1503

Module 22
C:\Windows\SYSTEM32\amsi.dll
Image Base: 0x6d260000  Image Size: 0x00012000
File Size:  60416       File Time:  2021-07-30_080904
Version:
   Company:    Microsoft Corporation
   Product:    Microsoft® Windows® Operating System
   FileDesc:   Anti-Malware Scan Interface
   FileVer:    10.0.19041.746
   ProdVer:    10.0.19041.746

Module 23
C:\Windows\system32\wbem\fastprox.dll
Image Base: 0x6d280000  Image Size: 0x000c9000
File Size:  804352      File Time:  2021-07-30_080916
Version:
   Company:    Microsoft Corporation
   Product:    Microsoft® Windows® Operating System
   FileDesc:   WMI Custom Marshaller
   FileVer:    10.0.19041.546
   ProdVer:    10.0.19041.546

Module 24
C:\Windows\system32\wbem\wbemsvc.dll
Image Base: 0x6d350000  Image Size: 0x00010000
File Size:  48640       File Time:  2021-12-15_073910
Version:
   Company:    Microsoft Corporation
   Product:    Microsoft® Windows® Operating System
   FileDesc:   WMI
   FileVer:    10.0.19041.1320
   ProdVer:    10.0.19041.1320

Module 25
C:\Windows\SYSTEM32\wbemcomn.dll
Image Base: 0x6d360000  Image Size: 0x00070000
File Size:  434688      File Time:  2022-03-28_160558
Version:
   Company:    Microsoft Corporation
   Product:    Microsoft® Windows® Operating System
   FileDesc:   WMI
   FileVer:    10.0.19041.1566
   ProdVer:    10.0.19041.1566

Module 26
C:\Windows\system32\wbem\wbemprox.dll
Image Base: 0x6d3d0000  Image Size: 0x0000d000
File Size:  36864       File Time:  2021-12-15_073910
Version:
   Company:    Microsoft Corporation
   Product:    Microsoft® Windows® Operating System
   FileDesc:   WMI
   FileVer:    10.0.19041.1320
   ProdVer:    10.0.19041.1320

Module 27
C:\Windows\SYSTEM32\dxcore.dll
Image Base: 0x6d3e0000  Image Size: 0x0002c000
File Size:  163216      File Time:  2021-07-30_080956
Version:
   Company:    Microsoft Corporation
   Product:    Microsoft® Windows® Operating System
   FileDesc:   DXCore
   FileVer:    10.0.19041.546
   ProdVer:    10.0.19041.546

Module 28
C:\Windows\System32\DriverStore\FileRepository\nvhmig.inf_amd64_715167e770b0a27c\nvwgf2um.dll
Image Base: 0x6d410000  Image Size: 0x021e2000
File Size:  35480360    File Time:  2022-03-18_100320
Version:
   Company:    NVIDIA Corporation
   Product:    NVIDIA D3D10 drivers
   FileDesc:   NVIDIA D3D10 Driver, Version 512.15 
   FileVer:    30.0.15.1215
   ProdVer:    30.0.15.1215

Module 29
C:\Windows\SYSTEM32\devobj.dll
Image Base: 0x6f600000  Image Size: 0x00029000
File Size:  160632      File Time:  2022-03-28_160602
Version:
   Company:    Microsoft Corporation
   Product:    Microsoft® Windows® Operating System
   FileDesc:   Device Information Set DLL
   FileVer:    10.0.19041.1566
   ProdVer:    10.0.19041.1566

Module 30
C:\Windows\SYSTEM32\drvstore.dll
Image Base: 0x6f630000  Image Size: 0x00100000
File Size:  1038680     File Time:  2022-03-28_160604
Version:
   Company:    Microsoft Corporation
   Product:    Microsoft® Windows® Operating System
   FileDesc:   Driver Store API
   FileVer:    10.0.19041.1566
   ProdVer:    10.0.19041.1566

Module 31
C:\Windows\SYSTEM32\cryptnet.dll
Image Base: 0x6f730000  Image Size: 0x00026000
File Size:  145144      File Time:  2021-07-30_081010
Version:
   Company:    Microsoft Corporation
   Product:    Microsoft® Windows® Operating System
   FileDesc:   Crypto Network Related API
   FileVer:    10.0.19041.906
   ProdVer:    10.0.19041.906

Module 32
C:\Windows\System32\DriverStore\FileRepository\nvhmig.inf_amd64_715167e770b0a27c\nvldumd.dll
Image Base: 0x6f760000  Image Size: 0x000d9000
File Size:  879600      File Time:  2022-03-18_100314
Version:
   Company:    NVIDIA Corporation
   Product:    NVIDIA driver loader
   FileDesc:   NVIDIA Driver Loader, Version 512.15 
   FileVer:    30.0.15.1215
   ProdVer:    30.0.15.1215

Module 33
C:\Windows\SYSTEM32\GLU32.dll
Image Base: 0x6f840000  Image Size: 0x0003f000
File Size:  245248      File Time:  2022-03-28_160614
Version:
   Company:    Microsoft Corporation
   Product:    Microsoft® Windows® Operating System
   FileDesc:   OpenGL Utility Library DLL
   FileVer:    10.0.19041.1566
   ProdVer:    10.0.19041.1566

Module 34
C:\Windows\SYSTEM32\OPENGL32.dll
Image Base: 0x6f880000  Image Size: 0x00104000
File Size:  923648      File Time:  2022-03-28_160614
Version:
   Company:    Microsoft Corporation
   Product:    Microsoft® Windows® Operating System
   FileDesc:   OpenGL Client DLL
   FileVer:    10.0.19041.1566
   ProdVer:    10.0.19041.1566

Module 35
C:\Windows\SYSTEM32\WINMM.dll
Image Base: 0x6f990000  Image Size: 0x00028000
File Size:  149272      File Time:  2021-07-30_080900
Version:
   Company:    Microsoft Corporation
   Product:    Microsoft® Windows® Operating System
   FileDesc:   MCI API DLL
   FileVer:    10.0.19041.546
   ProdVer:    10.0.19041.546

Module 36
C:\Windows\SYSTEM32\HID.DLL
Image Base: 0x6f9c0000  Image Size: 0x0000a000
File Size:  25600       File Time:  2021-07-30_081026
Version:
   Company:    Microsoft Corporation
   Product:    Microsoft® Windows® Operating System
   FileDesc:   Hid User Library
   FileVer:    10.0.19041.546
   ProdVer:    10.0.19041.546

Module 37
C:\Windows\SYSTEM32\WINHTTP.dll
Image Base: 0x703a0000  Image Size: 0x000c9000
File Size:  822728      File Time:  2022-03-28_160602
Version:
   Company:    Microsoft Corporation
   Product:    Microsoft® Windows® Operating System
   FileDesc:   Windows HTTP Services
   FileVer:    10.0.19041.1566
   ProdVer:    10.0.19041.1566

Module 38
C:\Windows\SYSTEM32\msasn1.dll
Image Base: 0x70490000  Image Size: 0x0000e000
File Size:  50616       File Time:  2021-07-30_081010
Version:
   Company:    Microsoft Corporation
   Product:    Microsoft® Windows® Operating System
   FileDesc:   ASN.1 Runtime APIs
   FileVer:    10.0.19041.546
   ProdVer:    10.0.19041.546

Module 39
C:\Windows\System32\fwpuclnt.dll
Image Base: 0x70530000  Image Size: 0x00058000
File Size:  341504      File Time:  2022-02-20_152928
Version:
   Company:    Microsoft Corporation
   Product:    Microsoft® Windows® Operating System
   FileDesc:   FWP/IPsec User-Mode API
   FileVer:    10.0.19041.1526
   ProdVer:    10.0.19041.1526

Module 40
C:\Windows\system32\rsaenh.dll
Image Base: 0x70ae0000  Image Size: 0x0002f000
File Size:  184888      File Time:  2021-07-30_081010
Version:
   Company:    Microsoft Corporation
   Product:    Microsoft® Windows® Operating System
   FileDesc:   Microsoft Enhanced Cryptographic Provider
   FileVer:    10.0.19041.1052
   ProdVer:    10.0.19041.1052

Module 41
C:\Windows\SYSTEM32\CRYPTSP.dll
Image Base: 0x70b10000  Image Size: 0x00013000
File Size:  68192       File Time:  2021-07-30_081010
Version:
   Company:    Microsoft Corporation
   Product:    Microsoft® Windows® Operating System
   FileDesc:   Cryptographic Service Provider API
   FileVer:    10.0.19041.546
   ProdVer:    10.0.19041.546

Module 42
C:\Windows\System32\rasadhlp.dll
Image Base: 0x72cb0000  Image Size: 0x00008000
File Size:  12800       File Time:  2021-07-30_081046
Version:
   Company:    Microsoft Corporation
   Product:    Microsoft® Windows® Operating System
   FileDesc:   Remote Access AutoDial Helper
   FileVer:    10.0.19041.546
   ProdVer:    10.0.19041.546

Module 43
C:\Windows\SYSTEM32\DNSAPI.dll
Image Base: 0x72cd0000  Image Size: 0x00090000
File Size:  581568      File Time:  2022-03-28_160602
Version:
   Company:    Microsoft Corporation
   Product:    Microsoft® Windows® Operating System
   FileDesc:   DNS Client API DLL
   FileVer:    10.0.19041.1566
   ProdVer:    10.0.19041.1566

Module 44
C:\Windows\SYSTEM32\wintypes.dll
Image Base: 0x72d60000  Image Size: 0x000db000
File Size:  896088      File Time:  2021-12-15_073916
Version:
   Company:    Microsoft Corporation
   Product:    Microsoft® Windows® Operating System
   FileDesc:   Windows Base Types DLL
   FileVer:    10.0.19041.1348
   ProdVer:    10.0.19041.1348

Module 45
C:\Windows\SYSTEM32\CoreUIComponents.dll
Image Base: 0x72e40000  Image Size: 0x0027e000
File Size:  2621720     File Time:  2021-07-30_080928
Version:
   Company:    Microsoft Corporation
   Product:    Microsoft® Windows® Operating System
   FileDesc:   Microsoft Core UI Components Dll
   FileVer:    10.0.19041.546
   ProdVer:    10.0.19041.546

Module 46
C:\Windows\SYSTEM32\CoreMessaging.dll
Image Base: 0x730c0000  Image Size: 0x0009b000
File Size:  630592      File Time:  2021-07-30_081010
Version:
   Company:    Microsoft Corporation
   Product:    Microsoft® Windows® Operating System
   FileDesc:   Microsoft CoreMessaging Dll
   FileVer:    10.0.19041.867
   ProdVer:    10.0.19041.867

Module 47
C:\Windows\SYSTEM32\textinputframework.dll
Image Base: 0x73160000  Image Size: 0x000b9000
File Size:  753072      File Time:  2022-02-20_152928
Version:
   Company:    Microsoft Corporation
   Product:    Microsoft® Windows® Operating System
   FileDesc:   "TextInputFramework.DYNLINK"
   FileVer:    10.0.19041.1503
   ProdVer:    10.0.19041.1503

Module 48
C:\Windows\SYSTEM32\dxgi.dll
Image Base: 0x73550000  Image Size: 0x000c2000
File Size:  785064      File Time:  2022-03-28_160600
Version:
   Company:    Microsoft Corporation
   Product:    Microsoft® Windows® Operating System
   FileDesc:   DirectX Graphics Infrastructure
   FileVer:    10.0.19041.1566
   ProdVer:    10.0.19041.1566

Module 49
C:\Windows\SYSTEM32\d3d11.dll
Image Base: 0x73790000  Image Size: 0x001e0000
File Size:  1963712     File Time:  2021-12-15_073914
Version:
   Company:    Microsoft Corporation
   Product:    Microsoft® Windows® Operating System
   FileDesc:   Direct3D 11 Runtime
   FileVer:    10.0.19041.1202
   ProdVer:    10.0.19041.1202

Module 50
C:\Windows\SYSTEM32\dhcpcsvc.DLL
Image Base: 0x739b0000  Image Size: 0x00016000
File Size:  73728       File Time:  2021-07-30_081010
Version:
   Company:    Microsoft Corporation
   Product:    Microsoft® Windows® Operating System
   FileDesc:   DHCP Client Service
   FileVer:    10.0.19041.546
   ProdVer:    10.0.19041.546

Module 51
C:\Windows\SYSTEM32\dhcpcsvc6.DLL
Image Base: 0x739d0000  Image Size: 0x00014000
File Size:  61440       File Time:  2021-07-30_081010
Version:
   Company:    Microsoft Corporation
   Product:    Microsoft® Windows® Operating System
   FileDesc:   DHCPv6 Client
   FileVer:    10.0.19041.546
   ProdVer:    10.0.19041.546

Module 52
C:\Windows\system32\uxtheme.dll
Image Base: 0x74400000  Image Size: 0x00074000
File Size:  455168      File Time:  2022-03-28_160558
Version:
   Company:    Microsoft Corporation
   Product:    Microsoft® Windows® Operating System
   FileDesc:   Microsoft UxTheme Library
   FileVer:    10.0.19041.1566
   ProdVer:    10.0.19041.1566

Module 53
C:\Windows\SYSTEM32\cryptbase.dll
Image Base: 0x74710000  Image Size: 0x0000a000
File Size:  31528       File Time:  2021-07-30_080902
Version:
   Company:    Microsoft Corporation
   Product:    Microsoft® Windows® Operating System
   FileDesc:   Base cryptographic API DLL
   FileVer:    10.0.19041.546
   ProdVer:    10.0.19041.546

Module 54
C:\Windows\SYSTEM32\SspiCli.dll
Image Base: 0x74720000  Image Size: 0x00021000
File Size:  123984      File Time:  2022-03-28_160558
Version:
   Company:    Microsoft Corporation
   Product:    Microsoft® Windows® Operating System
   FileDesc:   Security Support Provider Interface
   FileVer:    10.0.19041.1586
   ProdVer:    10.0.19041.1586

Module 55
C:\Windows\SYSTEM32\MSWSOCK.dll
Image Base: 0x748d0000  Image Size: 0x00052000
File Size:  324416      File Time:  2021-07-30_081010
Version:
   Company:    Microsoft Corporation
   Product:    Microsoft® Windows® Operating System
   FileDesc:   Microsoft Windows Sockets 2.0 Service Provider
   FileVer:    10.0.19041.546
   ProdVer:    10.0.19041.546

Module 56
C:\Windows\SYSTEM32\ntmarta.dll
Image Base: 0x74fb0000  Image Size: 0x00029000
File Size:  152904      File Time:  2021-07-30_081010
Version:
   Company:    Microsoft Corporation
   Product:    Microsoft® Windows® Operating System
   FileDesc:   Windows NT MARTA provider
   FileVer:    10.0.19041.546
   ProdVer:    10.0.19041.546

Module 57
C:\Windows\SYSTEM32\kernel.appcore.dll
Image Base: 0x74fe0000  Image Size: 0x0000f000
File Size:  52672       File Time:  2021-07-30_080948
Version:
   Company:    Microsoft Corporation
   Product:    Microsoft® Windows® Operating System
   FileDesc:   AppModel API Host
   FileVer:    10.0.19041.546
   ProdVer:    10.0.19041.546

Module 58
C:\Windows\SYSTEM32\profapi.dll
Image Base: 0x74ff0000  Image Size: 0x00018000
File Size:  89360       File Time:  2021-07-30_080902
Version:
   Company:    Microsoft Corporation
   Product:    Microsoft® Windows® Operating System
   FileDesc:   User Profile Basic API
   FileVer:    10.0.19041.844
   ProdVer:    10.0.19041.844

Module 59
C:\Windows\SYSTEM32\Wldp.dll
Image Base: 0x75010000  Image Size: 0x00024000
File Size:  140472      File Time:  2022-03-28_160602
Version:
   Company:    Microsoft Corporation
   Product:    Microsoft® Windows® Operating System
   FileDesc:   Windows Lockdown Policy
   FileVer:    10.0.19041.1566
   ProdVer:    10.0.19041.1566

Module 60
C:\Windows\SYSTEM32\windows.storage.dll
Image Base: 0x75040000  Image Size: 0x0060c000
File Size:  6371544     File Time:  2022-03-28_160602
Version:
   Company:    Microsoft Corporation
   Product:    Microsoft® Windows® Operating System
   FileDesc:   Microsoft WinRT Storage API
   FileVer:    10.0.19041.1566
   ProdVer:    10.0.19041.1566

Module 61
C:\Windows\SYSTEM32\IPHLPAPI.DLL
Image Base: 0x75910000  Image Size: 0x00032000
File Size:  196784      File Time:  2021-07-30_081010
Version:
   Company:    Microsoft Corporation
   Product:    Microsoft® Windows® Operating System
   FileDesc:   IP Helper API
   FileVer:    10.0.19041.546
   ProdVer:    10.0.19041.546

Module 62
C:\Windows\SYSTEM32\VERSION.dll
Image Base: 0x75950000  Image Size: 0x00008000
File Size:  27320       File Time:  2021-07-30_081048
Version:
   Company:    Microsoft Corporation
   Product:    Microsoft® Windows® Operating System
   FileDesc:   Version Checking and File Installation Libraries
   FileVer:    10.0.19041.546
   ProdVer:    10.0.19041.546

Module 63
C:\Windows\System32\clbcatq.dll
Image Base: 0x75c40000  Image Size: 0x0007e000
File Size:  504552      File Time:  2021-07-30_081008
Version:
   Company:    Microsoft Corporation
   Product:    Microsoft® Windows® Operating System
   FileDesc:   COM+ Configuration Catalog
   FileVer:    2001.12.10941.16384
   ProdVer:    10.0.19041.546

Module 64
C:\Windows\System32\GDI32.dll
Image Base: 0x75cc0000  Image Size: 0x00024000
File Size:  140976      File Time:  2021-12-15_073914
Version:
   Company:    Microsoft Corporation
   Product:    Microsoft® Windows® Operating System
   FileDesc:   GDI Client DLL
   FileVer:    10.0.19041.1202
   ProdVer:    10.0.19041.1202

Module 65
C:\Windows\System32\ucrtbase.dll
Image Base: 0x75cf0000  Image Size: 0x00120000
File Size:  1181208     File Time:  2021-07-30_081010
Version:
   Company:    Microsoft Corporation
   Product:    Microsoft® Windows® Operating System
   FileDesc:   Microsoft® C Runtime Library
   FileVer:    10.0.19041.789
   ProdVer:    10.0.19041.789

Module 66
C:\Windows\System32\USER32.dll
Image Base: 0x75e10000  Image Size: 0x0019c000
File Size:  1680720     File Time:  2022-03-28_160602
Version:
   Company:    Microsoft Corporation
   Product:    Microsoft® Windows® Operating System
   FileDesc:   Multi-User Windows USER API Client DLL
   FileVer:    10.0.19041.1586
   ProdVer:    10.0.19041.1586

Module 67
C:\Windows\System32\CRYPT32.dll
Image Base: 0x75fb0000  Image Size: 0x000fa000
File Size:  1013344     File Time:  2021-12-15_073916
Version:
   Company:    Microsoft Corporation
   Product:    Microsoft® Windows® Operating System
   FileDesc:   Crypto API32
   FileVer:    10.0.19041.1320
   ProdVer:    10.0.19041.1320

Module 68
C:\Windows\System32\KERNELBASE.dll
Image Base: 0x760b0000  Image Size: 0x00214000
File Size:  2181160     File Time:  2022-03-28_160552
Version:
   Company:    Microsoft Corporation
   Product:    Microsoft® Windows® Operating System
   FileDesc:   Windows NT BASE API Client DLL
   FileVer:    10.0.19041.1586
   ProdVer:    10.0.19041.1586

Module 69
C:\Windows\System32\SETUPAPI.dll
Image Base: 0x762d0000  Image Size: 0x0043a000
File Size:  4459984     File Time:  2022-03-28_160604
Version:
   Company:    Microsoft Corporation
   Product:    Microsoft® Windows® Operating System
   FileDesc:   Windows Setup API
   FileVer:    10.0.19041.1566
   ProdVer:    10.0.19041.1566

Module 70
C:\Windows\System32\imagehlp.dll
Image Base: 0x76770000  Image Size: 0x00019000
File Size:  95496       File Time:  2021-12-24_084956
Version:
   Company:    Microsoft Corporation
   Product:    Microsoft® Windows® Operating System
   FileDesc:   Windows NT Image Helper
   FileVer:    10.0.19041.1415
   ProdVer:    10.0.19041.1415

Module 71
C:\Windows\System32\msvcrt.dll
Image Base: 0x76790000  Image Size: 0x000bf000
File Size:  775256      File Time:  2021-07-30_080900
Version:
   Company:    Microsoft Corporation
   Product:    Microsoft® Windows® Operating System
   FileDesc:   Windows NT CRT DLL
   FileVer:    7.0.19041.546
   ProdVer:    10.0.19041.546

Module 72
C:\Windows\System32\sechost.dll
Image Base: 0x76850000  Image Size: 0x00076000
File Size:  477824      File Time:  2022-03-28_160558
Version:
   Company:    Microsoft Corporation
   Product:    Microsoft® Windows® Operating System
   FileDesc:   Host for SCM/SDDL/LSA Lookup APIs
   FileVer:    10.0.19041.1586
   ProdVer:    10.0.19041.1586

Module 73
C:\Windows\System32\RPCRT4.dll
Image Base: 0x768d0000  Image Size: 0x000be000
File Size:  776328      File Time:  2022-02-20_152924
Version:
   Company:    Microsoft Corporation
   Product:    Microsoft® Windows® Operating System
   FileDesc:   Remote Procedure Call Runtime
   FileVer:    10.0.19041.1466
   ProdVer:    10.0.19041.1466

Module 74
C:\Windows\System32\msvcp_win.dll
Image Base: 0x76990000  Image Size: 0x0007b000
File Size:  495840      File Time:  2021-07-30_081010
Version:
   Company:    Microsoft Corporation
   Product:    Microsoft® Windows® Operating System
   FileDesc:   Microsoft® C Runtime Library
   FileVer:    10.0.19041.789
   ProdVer:    10.0.19041.789

Module 75
C:\Windows\System32\IMM32.dll
Image Base: 0x76a80000  Image Size: 0x00025000
File Size:  143056      File Time:  2021-07-30_081024
Version:
   Company:    Microsoft Corporation
   Product:    Microsoft® Windows® Operating System
   FileDesc:   Multi-User Windows IMM32 API Client DLL
   FileVer:    10.0.19041.546
   ProdVer:    10.0.19041.546

Module 76
C:\Windows\System32\ole32.dll
Image Base: 0x76ab0000  Image Size: 0x000e3000
File Size:  926560      File Time:  2021-12-15_073916
Version:
   Company:    Microsoft Corporation
   Product:    Microsoft® Windows® Operating System
   FileDesc:   Microsoft OLE for Windows
   FileVer:    10.0.19041.1202
   ProdVer:    10.0.19041.1202

Module 77
C:\Windows\System32\shcore.dll
Image Base: 0x76ba0000  Image Size: 0x00087000
File Size:  545968      File Time:  2022-03-28_160602
Version:
   Company:    Microsoft Corporation
   Product:    Microsoft® Windows® Operating System
   FileDesc:   SHCORE
   FileVer:    10.0.19041.1566
   ProdVer:    10.0.19041.1566

Module 78
C:\Windows\System32\MSCTF.dll
Image Base: 0x76c30000  Image Size: 0x000d4000
File Size:  862000      File Time:  2022-03-28_160558
Version:
   Company:    Microsoft Corporation
   Product:    Microsoft® Windows® Operating System
   FileDesc:   MSCTF Server DLL
   FileVer:    10.0.19041.1566
   ProdVer:    10.0.19041.1566

Module 79
C:\Windows\System32\bcryptPrimitives.dll
Image Base: 0x76da0000  Image Size: 0x0005f000
File Size:  383264      File Time:  2021-12-24_084956
Version:
   Company:    Microsoft Corporation
   Product:    Microsoft® Windows® Operating System
   FileDesc:   Windows Cryptographic Primitives Library
   FileVer:    10.0.19041.1415
   ProdVer:    10.0.19041.1415

Module 80
C:\Windows\System32\WS2_32.dll
Image Base: 0x76e60000  Image Size: 0x00063000
File Size:  397728      File Time:  2021-07-30_080902
Version:
   Company:    Microsoft Corporation
   Product:    Microsoft® Windows® Operating System
   FileDesc:   Windows Socket 2.0 32-Bit DLL
   FileVer:    10.0.19041.546
   ProdVer:    10.0.19041.546

Module 81
C:\Windows\System32\WINTRUST.DLL
Image Base: 0x76f80000  Image Size: 0x0004d000
File Size:  315016      File Time:  2022-03-28_160602
Version:
   Company:    Microsoft Corporation
   Product:    Microsoft® Windows® Operating System
   FileDesc:   Microsoft Trust Verification APIs
   FileVer:    10.0.19041.1566
   ProdVer:    10.0.19041.1566

Module 82
C:\Windows\System32\combase.dll
Image Base: 0x76fd0000  Image Size: 0x00280000
File Size:  2634592     File Time:  2022-03-28_160602
Version:
   Company:    Microsoft Corporation
   Product:    Microsoft® Windows® Operating System
   FileDesc:   Microsoft COM for Windows
   FileVer:    10.0.19041.1566
   ProdVer:    10.0.19041.1566

Module 83
C:\Windows\System32\OLEAUT32.dll
Image Base: 0x773c0000  Image Size: 0x00096000
File Size:  606888      File Time:  2021-07-30_081012
Version:
   Company:    Microsoft Corporation
   Product:    Microsoft® Windows® Operating System
   FileDesc:   OLEAUT32.DLL
   FileVer:    10.0.19041.985
   ProdVer:    10.0.19041.985

Module 84
C:\Windows\System32\KERNEL32.DLL
Image Base: 0x77460000  Image Size: 0x000f0000
File Size:  641848      File Time:  2022-03-28_160558
Version:
   Company:    Microsoft Corporation
   Product:    Microsoft® Windows® Operating System
   FileDesc:   Windows NT BASE API Client DLL
   FileVer:    10.0.19041.1566
   ProdVer:    10.0.19041.1566

Module 85
C:\Windows\System32\win32u.dll
Image Base: 0x77550000  Image Size: 0x00018000
File Size:  94024       File Time:  2022-03-28_160602
Version:
   Company:    Microsoft Corporation
   Product:    Microsoft® Windows® Operating System
   FileDesc:   Win32u
   FileVer:    10.0.19041.1586
   ProdVer:    10.0.19041.1586

Module 86
C:\Windows\System32\PSAPI.DLL
Image Base: 0x77570000  Image Size: 0x00006000
File Size:  17016       File Time:  2021-07-30_081008
Version:
   Company:    Microsoft Corporation
   Product:    Microsoft® Windows® Operating System
   FileDesc:   Process Status Helper
   FileVer:    10.0.19041.546
   ProdVer:    10.0.19041.546

Module 87
C:\Windows\System32\gdi32full.dll
Image Base: 0x77580000  Image Size: 0x000dc000
File Size:  896120      File Time:  2022-03-28_160602
Version:
   Company:    Microsoft Corporation
   Product:    Microsoft® Windows® Operating System
   FileDesc:   GDI Client DLL
   FileVer:    10.0.19041.1566
   ProdVer:    10.0.19041.1566

Module 88
C:\Windows\System32\SHELL32.dll
Image Base: 0x77660000  Image Size: 0x005b5000
File Size:  6012560     File Time:  2022-03-28_160604
Version:
   Company:    Microsoft Corporation
   Product:    Microsoft® Windows® Operating System
   FileDesc:   Windows Shell Common Dll
   FileVer:    10.0.19041.1566
   ProdVer:    10.0.19041.1566

Module 89
C:\Windows\System32\NSI.dll
Image Base: 0x77c20000  Image Size: 0x00007000
File Size:  20144       File Time:  2021-07-30_080726
Version:
   Company:    Microsoft Corporation
   Product:    Microsoft® Windows® Operating System
   FileDesc:   NSI User-mode interface DLL
   FileVer:    10.0.19041.610
   ProdVer:    10.0.19041.610

Module 90
C:\Windows\System32\SHLWAPI.dll
Image Base: 0x77c30000  Image Size: 0x00045000
File Size:  275808      File Time:  2021-07-30_081048
Version:
   Company:    Microsoft Corporation
   Product:    Microsoft® Windows® Operating System
   FileDesc:   Shell Light-weight Utility Library
   FileVer:    10.0.19041.1023
   ProdVer:    10.0.19041.1023

Module 91
C:\Windows\System32\ADVAPI32.dll
Image Base: 0x77c80000  Image Size: 0x0007b000
File Size:  495312      File Time:  2022-02-20_152924
Version:
   Company:    Microsoft Corporation
   Product:    Microsoft® Windows® Operating System
   FileDesc:   Advanced Windows 32 Base API
   FileVer:    10.0.19041.1466
   ProdVer:    10.0.19041.1466

Module 92
C:\Windows\System32\cfgmgr32.dll
Image Base: 0x77d00000  Image Size: 0x0003b000
File Size:  236536      File Time:  2021-12-15_073916
Version:
   Company:    Microsoft Corporation
   Product:    Microsoft® Windows® Operating System
   FileDesc:   Configuration Manager DLL
   FileVer:    10.0.19041.1151
   ProdVer:    10.0.19041.1151

Module 93
C:\Windows\System32\bcrypt.dll
Image Base: 0x77d40000  Image Size: 0x00019000
File Size:  96032       File Time:  2021-07-30_081010
Version:
   Company:    Microsoft Corporation
   Product:    Microsoft® Windows® Operating System
   FileDesc:   Windows Cryptographic Primitives Library
   FileVer:    10.0.19041.1023
   ProdVer:    10.0.19041.1023

Module 94
C:\Windows\SYSTEM32\ntdll.dll
Image Base: 0x77d70000  Image Size: 0x001a3000
File Size:  1697784     File Time:  2022-03-28_160558
Version:
   Company:    Microsoft Corporation
   Product:    Microsoft® Windows® Operating System
   FileDesc:   NT Layer DLL
   FileVer:    10.0.19041.1566
   ProdVer:    10.0.19041.1566


== [end of error.log] ==
